# Logfile created on 2017-05-09 15:49:53 +0600 by logger.rb/44203
I, [2017-05-09T15:49:53.478783 #22263]  INFO -- : 0:  rake (12.0.0) from /home/akash/Desktop/projects/fcm_messaging/vendor/specifications/rake-12.0.0.gemspec
I, [2017-05-09T15:49:53.479065 #22263]  INFO -- : 0:  i18n (0.8.1) from /home/akash/Desktop/projects/fcm_messaging/vendor/specifications/i18n-0.8.1.gemspec
I, [2017-05-09T15:49:53.479299 #22263]  INFO -- : 0:  json (1.8.6) from /home/akash/Desktop/projects/fcm_messaging/vendor/specifications/json-1.8.6.gemspec
I, [2017-05-09T15:49:53.479548 #22263]  INFO -- : 0:  minitest (5.10.1) from /home/akash/Desktop/projects/fcm_messaging/vendor/specifications/minitest-5.10.1.gemspec
I, [2017-05-09T15:49:53.479722 #22263]  INFO -- : 0:  thread_safe (0.3.6) from /home/akash/Desktop/projects/fcm_messaging/vendor/specifications/thread_safe-0.3.6.gemspec
I, [2017-05-09T15:49:53.479875 #22263]  INFO -- : 0:  tzinfo (1.2.3) from /home/akash/Desktop/projects/fcm_messaging/vendor/specifications/tzinfo-1.2.3.gemspec
I, [2017-05-09T15:49:53.480050 #22263]  INFO -- : 0:  activesupport (4.1.11) from /home/akash/Desktop/projects/fcm_messaging/vendor/specifications/activesupport-4.1.11.gemspec
I, [2017-05-09T15:49:53.480722 #22263]  INFO -- : 0:  builder (3.2.3) from /home/akash/Desktop/projects/fcm_messaging/vendor/specifications/builder-3.2.3.gemspec
I, [2017-05-09T15:49:53.481143 #22263]  INFO -- : 0:  erubis (2.7.0) from /home/akash/Desktop/projects/fcm_messaging/vendor/specifications/erubis-2.7.0.gemspec
I, [2017-05-09T15:49:53.481319 #22263]  INFO -- : 0:  actionview (4.1.11) from /home/akash/Desktop/projects/fcm_messaging/vendor/specifications/actionview-4.1.11.gemspec
I, [2017-05-09T15:49:53.481464 #22263]  INFO -- : 0:  rack (1.5.5) from /home/akash/Desktop/projects/fcm_messaging/vendor/specifications/rack-1.5.5.gemspec
I, [2017-05-09T15:49:53.481608 #22263]  INFO -- : 0:  rack-test (0.6.3) from /home/akash/Desktop/projects/fcm_messaging/vendor/specifications/rack-test-0.6.3.gemspec
I, [2017-05-09T15:49:53.481750 #22263]  INFO -- : 0:  actionpack (4.1.11) from /home/akash/Desktop/projects/fcm_messaging/vendor/specifications/actionpack-4.1.11.gemspec
I, [2017-05-09T15:49:53.481890 #22263]  INFO -- : 0:  mime-types-data (3.2016.0521) from /home/akash/Desktop/projects/fcm_messaging/vendor/specifications/mime-types-data-3.2016.0521.gemspec
I, [2017-05-09T15:49:53.482033 #22263]  INFO -- : 0:  mime-types (3.1) from /home/akash/Desktop/projects/fcm_messaging/vendor/specifications/mime-types-3.1.gemspec
I, [2017-05-09T15:49:53.482171 #22263]  INFO -- : 0:  mail (2.6.5) from /home/akash/Desktop/projects/fcm_messaging/vendor/specifications/mail-2.6.5.gemspec
I, [2017-05-09T15:49:53.482311 #22263]  INFO -- : 0:  actionmailer (4.1.11) from /home/akash/Desktop/projects/fcm_messaging/vendor/specifications/actionmailer-4.1.11.gemspec
I, [2017-05-09T15:49:53.482449 #22263]  INFO -- : 0:  activemodel (4.1.11) from /home/akash/Desktop/projects/fcm_messaging/vendor/specifications/activemodel-4.1.11.gemspec
I, [2017-05-09T15:49:53.482586 #22263]  INFO -- : 0:  arel (5.0.1.20140414130214) from /home/akash/Desktop/projects/fcm_messaging/vendor/specifications/arel-5.0.1.20140414130214.gemspec
I, [2017-05-09T15:49:53.482725 #22263]  INFO -- : 0:  activerecord (4.1.11) from /home/akash/Desktop/projects/fcm_messaging/vendor/specifications/activerecord-4.1.11.gemspec
I, [2017-05-09T15:49:53.482861 #22263]  INFO -- : 0:  bundler (1.5.1) from /home/akash/.rbenv/versions/2.1.5/lib/ruby/gems/2.1.0/gems/bundler-1.5.1/lib/bundler/source
I, [2017-05-09T15:49:55.226600 #22263]  INFO -- : 0:  carrierwave (1.1.0) from /home/akash/Desktop/projects/fcm_messaging/vendor/specifications/carrierwave-1.1.0.gemspec
I, [2017-05-09T15:49:55.226985 #22263]  INFO -- : 0:  coffee-script-source (1.12.2) from /home/akash/Desktop/projects/fcm_messaging/vendor/specifications/coffee-script-source-1.12.2.gemspec
I, [2017-05-09T15:49:55.227200 #22263]  INFO -- : 0:  execjs (2.7.0) from /home/akash/Desktop/projects/fcm_messaging/vendor/specifications/execjs-2.7.0.gemspec
I, [2017-05-09T15:49:55.227404 #22263]  INFO -- : 0:  coffee-script (2.4.1) from /home/akash/Desktop/projects/fcm_messaging/vendor/specifications/coffee-script-2.4.1.gemspec
I, [2017-05-09T15:49:55.227651 #22263]  INFO -- : 0:  thor (0.19.4) from /home/akash/Desktop/projects/fcm_messaging/vendor/specifications/thor-0.19.4.gemspec
I, [2017-05-09T15:49:55.227897 #22263]  INFO -- : 0:  railties (4.1.11) from /home/akash/Desktop/projects/fcm_messaging/vendor/specifications/railties-4.1.11.gemspec
I, [2017-05-09T15:49:55.228115 #22263]  INFO -- : 0:  coffee-rails (4.0.1) from /home/akash/Desktop/projects/fcm_messaging/vendor/specifications/coffee-rails-4.0.1.gemspec
I, [2017-05-09T15:49:55.228313 #22263]  INFO -- : 0:  hike (1.2.3) from /home/akash/Desktop/projects/fcm_messaging/vendor/specifications/hike-1.2.3.gemspec
I, [2017-05-09T15:49:55.228497 #22263]  INFO -- : 0:  multi_json (1.12.1) from /home/akash/Desktop/projects/fcm_messaging/vendor/specifications/multi_json-1.12.1.gemspec
I, [2017-05-09T15:49:55.228710 #22263]  INFO -- : 0:  jbuilder (2.6.3) from /home/akash/Desktop/projects/fcm_messaging/vendor/specifications/jbuilder-2.6.3.gemspec
I, [2017-05-09T15:49:55.228916 #22263]  INFO -- : 0:  jquery-rails (3.1.4) from /home/akash/Desktop/projects/fcm_messaging/vendor/specifications/jquery-rails-3.1.4.gemspec
I, [2017-05-09T15:49:55.229102 #22263]  INFO -- : 0:  tilt (1.4.1) from /home/akash/Desktop/projects/fcm_messaging/vendor/specifications/tilt-1.4.1.gemspec
I, [2017-05-09T15:49:55.229289 #22263]  INFO -- : 0:  sprockets (2.12.4) from /home/akash/Desktop/projects/fcm_messaging/vendor/specifications/sprockets-2.12.4.gemspec
I, [2017-05-09T15:49:55.229480 #22263]  INFO -- : 0:  sprockets-rails (2.3.3) from /home/akash/Desktop/projects/fcm_messaging/vendor/specifications/sprockets-rails-2.3.3.gemspec
I, [2017-05-09T15:49:55.229659 #22263]  INFO -- : 0:  rails (4.1.11) from /home/akash/Desktop/projects/fcm_messaging/vendor/specifications/rails-4.1.11.gemspec
I, [2017-05-09T15:49:55.229959 #22263]  INFO -- : 0:  rdoc (4.3.0) from /home/akash/Desktop/projects/fcm_messaging/vendor/specifications/rdoc-4.3.0.gemspec
I, [2017-05-09T15:49:55.230184 #22263]  INFO -- : 0:  sass (3.2.19) from /home/akash/Desktop/projects/fcm_messaging/vendor/specifications/sass-3.2.19.gemspec
I, [2017-05-09T15:49:55.230385 #22263]  INFO -- : 0:  sass-rails (4.0.5) from /home/akash/Desktop/projects/fcm_messaging/vendor/specifications/sass-rails-4.0.5.gemspec
I, [2017-05-09T15:49:55.230572 #22263]  INFO -- : 0:  sdoc (0.4.2) from /home/akash/Desktop/projects/fcm_messaging/vendor/specifications/sdoc-0.4.2.gemspec
I, [2017-05-09T15:49:55.230760 #22263]  INFO -- : 0:  spring (1.7.2) from /home/akash/Desktop/projects/fcm_messaging/vendor/specifications/spring-1.7.2.gemspec
I, [2017-05-09T15:49:55.230952 #22263]  INFO -- : 0:  sqlite3 (1.3.13) from /home/akash/Desktop/projects/fcm_messaging/vendor/specifications/sqlite3-1.3.13.gemspec
I, [2017-05-09T15:49:55.231146 #22263]  INFO -- : 0:  turbolinks-source (5.0.3) from /home/akash/Desktop/projects/fcm_messaging/vendor/specifications/turbolinks-source-5.0.3.gemspec
I, [2017-05-09T15:49:55.231331 #22263]  INFO -- : 0:  turbolinks (5.0.1) from /home/akash/Desktop/projects/fcm_messaging/vendor/specifications/turbolinks-5.0.1.gemspec
I, [2017-05-09T15:49:55.231515 #22263]  INFO -- : 0:  uglifier (3.2.0) from /home/akash/Desktop/projects/fcm_messaging/vendor/specifications/uglifier-3.2.0.gemspec
I, [2017-05-09T18:25:26.112997 #31399]  INFO -- : 0:  rake (12.0.0) from /home/akash/Desktop/projects/fcm_messaging/vendor/specifications/rake-12.0.0.gemspec
I, [2017-05-09T18:25:27.382455 #31399]  INFO -- : 0:  CFPropertyList (2.3.5) from /home/akash/Desktop/projects/fcm_messaging/vendor/specifications/CFPropertyList-2.3.5.gemspec
I, [2017-05-09T18:25:27.383227 #31399]  INFO -- : 0:  i18n (0.8.1) from /home/akash/Desktop/projects/fcm_messaging/vendor/specifications/i18n-0.8.1.gemspec
I, [2017-05-09T18:25:27.383686 #31399]  INFO -- : 0:  json (1.8.6) from /home/akash/Desktop/projects/fcm_messaging/vendor/specifications/json-1.8.6.gemspec
I, [2017-05-09T18:25:27.384103 #31399]  INFO -- : 0:  minitest (5.10.1) from /home/akash/Desktop/projects/fcm_messaging/vendor/specifications/minitest-5.10.1.gemspec
I, [2017-05-09T18:25:27.384562 #31399]  INFO -- : 0:  thread_safe (0.3.6) from /home/akash/Desktop/projects/fcm_messaging/vendor/specifications/thread_safe-0.3.6.gemspec
I, [2017-05-09T18:25:27.384998 #31399]  INFO -- : 0:  tzinfo (1.2.3) from /home/akash/Desktop/projects/fcm_messaging/vendor/specifications/tzinfo-1.2.3.gemspec
I, [2017-05-09T18:25:27.385388 #31399]  INFO -- : 0:  activesupport (4.1.11) from /home/akash/Desktop/projects/fcm_messaging/vendor/specifications/activesupport-4.1.11.gemspec
I, [2017-05-09T18:25:27.385776 #31399]  INFO -- : 0:  builder (3.2.3) from /home/akash/Desktop/projects/fcm_messaging/vendor/specifications/builder-3.2.3.gemspec
I, [2017-05-09T18:25:27.386163 #31399]  INFO -- : 0:  erubis (2.7.0) from /home/akash/Desktop/projects/fcm_messaging/vendor/specifications/erubis-2.7.0.gemspec
I, [2017-05-09T18:25:27.386551 #31399]  INFO -- : 0:  actionview (4.1.11) from /home/akash/Desktop/projects/fcm_messaging/vendor/specifications/actionview-4.1.11.gemspec
I, [2017-05-09T18:25:27.386921 #31399]  INFO -- : 0:  rack (1.5.5) from /home/akash/Desktop/projects/fcm_messaging/vendor/specifications/rack-1.5.5.gemspec
I, [2017-05-09T18:25:27.387291 #31399]  INFO -- : 0:  rack-test (0.6.3) from /home/akash/Desktop/projects/fcm_messaging/vendor/specifications/rack-test-0.6.3.gemspec
I, [2017-05-09T18:25:27.387672 #31399]  INFO -- : 0:  actionpack (4.1.11) from /home/akash/Desktop/projects/fcm_messaging/vendor/specifications/actionpack-4.1.11.gemspec
I, [2017-05-09T18:25:27.388103 #31399]  INFO -- : 0:  mime-types-data (3.2016.0521) from /home/akash/Desktop/projects/fcm_messaging/vendor/specifications/mime-types-data-3.2016.0521.gemspec
I, [2017-05-09T18:25:27.388493 #31399]  INFO -- : 0:  mime-types (3.1) from /home/akash/Desktop/projects/fcm_messaging/vendor/specifications/mime-types-3.1.gemspec
I, [2017-05-09T18:25:27.388901 #31399]  INFO -- : 0:  mail (2.6.5) from /home/akash/Desktop/projects/fcm_messaging/vendor/specifications/mail-2.6.5.gemspec
I, [2017-05-09T18:25:27.389289 #31399]  INFO -- : 0:  actionmailer (4.1.11) from /home/akash/Desktop/projects/fcm_messaging/vendor/specifications/actionmailer-4.1.11.gemspec
I, [2017-05-09T18:25:27.389659 #31399]  INFO -- : 0:  activemodel (4.1.11) from /home/akash/Desktop/projects/fcm_messaging/vendor/specifications/activemodel-4.1.11.gemspec
I, [2017-05-09T18:25:27.390035 #31399]  INFO -- : 0:  arel (5.0.1.20140414130214) from /home/akash/Desktop/projects/fcm_messaging/vendor/specifications/arel-5.0.1.20140414130214.gemspec
I, [2017-05-09T18:25:27.390414 #31399]  INFO -- : 0:  activerecord (4.1.11) from /home/akash/Desktop/projects/fcm_messaging/vendor/specifications/activerecord-4.1.11.gemspec
I, [2017-05-09T18:25:27.390738 #31399]  INFO -- : 0:  bundler (1.5.1) from /home/akash/.rbenv/versions/2.1.5/lib/ruby/gems/2.1.0/gems/bundler-1.5.1/lib/bundler/source
I, [2017-05-09T18:25:27.391114 #31399]  INFO -- : 0:  carrierwave (1.1.0) from /home/akash/Desktop/projects/fcm_messaging/vendor/specifications/carrierwave-1.1.0.gemspec
I, [2017-05-09T18:25:27.391494 #31399]  INFO -- : 0:  coffee-script-source (1.12.2) from /home/akash/Desktop/projects/fcm_messaging/vendor/specifications/coffee-script-source-1.12.2.gemspec
I, [2017-05-09T18:25:27.391883 #31399]  INFO -- : 0:  execjs (2.7.0) from /home/akash/Desktop/projects/fcm_messaging/vendor/specifications/execjs-2.7.0.gemspec
I, [2017-05-09T18:25:27.392265 #31399]  INFO -- : 0:  coffee-script (2.4.1) from /home/akash/Desktop/projects/fcm_messaging/vendor/specifications/coffee-script-2.4.1.gemspec
I, [2017-05-09T18:25:27.392702 #31399]  INFO -- : 0:  thor (0.19.4) from /home/akash/Desktop/projects/fcm_messaging/vendor/specifications/thor-0.19.4.gemspec
I, [2017-05-09T18:25:27.393143 #31399]  INFO -- : 0:  railties (4.1.11) from /home/akash/Desktop/projects/fcm_messaging/vendor/specifications/railties-4.1.11.gemspec
I, [2017-05-09T18:25:27.393531 #31399]  INFO -- : 0:  coffee-rails (4.0.1) from /home/akash/Desktop/projects/fcm_messaging/vendor/specifications/coffee-rails-4.0.1.gemspec
I, [2017-05-09T18:25:29.698879 #31399]  INFO -- : 0:  excon (0.55.0) from /home/akash/Desktop/projects/fcm_messaging/vendor/specifications/excon-0.55.0.gemspec
I, [2017-05-09T18:25:31.205674 #31399]  INFO -- : 0:  fission (0.5.0) from /home/akash/Desktop/projects/fcm_messaging/vendor/specifications/fission-0.5.0.gemspec
I, [2017-05-09T18:25:32.228116 #31399]  INFO -- : 0:  formatador (0.2.5) from /home/akash/Desktop/projects/fcm_messaging/vendor/specifications/formatador-0.2.5.gemspec
I, [2017-05-09T18:25:33.801581 #31399]  INFO -- : 0:  fog-core (1.44.1) from /home/akash/Desktop/projects/fcm_messaging/vendor/specifications/fog-core-1.44.1.gemspec
I, [2017-05-09T18:25:33.802518 #31399]  INFO -- : 0:  multi_json (1.12.1) from /home/akash/Desktop/projects/fcm_messaging/vendor/specifications/multi_json-1.12.1.gemspec
I, [2017-05-09T18:25:34.799014 #31399]  INFO -- : 0:  fog-json (1.0.2) from /home/akash/Desktop/projects/fcm_messaging/vendor/specifications/fog-json-1.0.2.gemspec
I, [2017-05-09T18:25:37.268994 #31399]  INFO -- : 0:  ipaddress (0.8.3) from /home/akash/Desktop/projects/fcm_messaging/vendor/specifications/ipaddress-0.8.3.gemspec
I, [2017-05-09T18:25:38.265797 #31399]  INFO -- : 0:  xml-simple (1.1.5) from /home/akash/Desktop/projects/fcm_messaging/vendor/specifications/xml-simple-1.1.5.gemspec
I, [2017-05-09T18:25:39.862495 #31399]  INFO -- : 0:  fog-aliyun (0.1.0) from /home/akash/Desktop/projects/fcm_messaging/vendor/specifications/fog-aliyun-0.1.0.gemspec
I, [2017-05-09T18:25:41.161433 #31399]  INFO -- : 0:  mini_portile2 (2.1.0) from /home/akash/Desktop/projects/fcm_messaging/vendor/specifications/mini_portile2-2.1.0.gemspec
I, [2017-05-09T18:26:37.936843 #31399]  INFO -- : 0:  nokogiri (1.7.1) from /home/akash/Desktop/projects/fcm_messaging/vendor/specifications/nokogiri-1.7.1.gemspec
I, [2017-05-09T18:26:39.023653 #31399]  INFO -- : 0:  fog-xml (0.1.3) from /home/akash/Desktop/projects/fcm_messaging/vendor/specifications/fog-xml-0.1.3.gemspec
I, [2017-05-09T18:26:40.341632 #31399]  INFO -- : 0:  fog-atmos (0.1.0) from /home/akash/Desktop/projects/fcm_messaging/vendor/specifications/fog-atmos-0.1.0.gemspec
I, [2017-05-09T18:26:44.029476 #31399]  INFO -- : 0:  fog-aws (1.3.0) from /home/akash/Desktop/projects/fcm_messaging/vendor/specifications/fog-aws-1.3.0.gemspec
I, [2017-05-09T18:26:45.302041 #31399]  INFO -- : 0:  inflecto (0.0.2) from /home/akash/Desktop/projects/fcm_messaging/vendor/specifications/inflecto-0.0.2.gemspec
I, [2017-05-09T18:26:46.943759 #31399]  INFO -- : 0:  fog-brightbox (0.11.0) from /home/akash/Desktop/projects/fcm_messaging/vendor/specifications/fog-brightbox-0.11.0.gemspec
I, [2017-05-09T18:26:48.417413 #31399]  INFO -- : 0:  fog-cloudatcost (0.1.2) from /home/akash/Desktop/projects/fcm_messaging/vendor/specifications/fog-cloudatcost-0.1.2.gemspec
I, [2017-05-09T18:26:49.969951 #31399]  INFO -- : 0:  fog-digitalocean (0.3.0) from /home/akash/Desktop/projects/fcm_messaging/vendor/specifications/fog-digitalocean-0.3.0.gemspec
I, [2017-05-09T18:26:51.066862 #31399]  INFO -- : 0:  fog-dnsimple (1.0.0) from /home/akash/Desktop/projects/fcm_messaging/vendor/specifications/fog-dnsimple-1.0.0.gemspec
I, [2017-05-09T18:26:52.384916 #31399]  INFO -- : 0:  fog-dynect (0.0.3) from /home/akash/Desktop/projects/fcm_messaging/vendor/specifications/fog-dynect-0.0.3.gemspec
I, [2017-05-09T18:26:54.127808 #31399]  INFO -- : 0:  fog-ecloud (0.3.0) from /home/akash/Desktop/projects/fcm_messaging/vendor/specifications/fog-ecloud-0.3.0.gemspec
I, [2017-05-09T18:26:56.079723 #31399]  INFO -- : 0:  fog-google (0.1.0) from /home/akash/Desktop/projects/fcm_messaging/vendor/specifications/fog-google-0.1.0.gemspec
I, [2017-05-09T18:26:57.453652 #31399]  INFO -- : 0:  fog-local (0.3.1) from /home/akash/Desktop/projects/fcm_messaging/vendor/specifications/fog-local-0.3.1.gemspec
I, [2017-05-09T18:26:59.954172 #31399]  INFO -- : 0:  fog-openstack (0.1.20) from /home/akash/Desktop/projects/fcm_messaging/vendor/specifications/fog-openstack-0.1.20.gemspec
I, [2017-05-09T18:27:01.030601 #31399]  INFO -- : 0:  fog-powerdns (0.1.1) from /home/akash/Desktop/projects/fcm_messaging/vendor/specifications/fog-powerdns-0.1.1.gemspec
I, [2017-05-09T18:27:02.592912 #31399]  INFO -- : 0:  fog-profitbricks (3.0.0) from /home/akash/Desktop/projects/fcm_messaging/vendor/specifications/fog-profitbricks-3.0.0.gemspec
I, [2017-05-09T18:27:04.903100 #31399]  INFO -- : 0:  fog-rackspace (0.1.5) from /home/akash/Desktop/projects/fcm_messaging/vendor/specifications/fog-rackspace-0.1.5.gemspec
I, [2017-05-09T18:27:06.134659 #31399]  INFO -- : 0:  fog-radosgw (0.0.5) from /home/akash/Desktop/projects/fcm_messaging/vendor/specifications/fog-radosgw-0.0.5.gemspec
I, [2017-05-09T18:27:07.375398 #31399]  INFO -- : 0:  fog-riakcs (0.1.0) from /home/akash/Desktop/projects/fcm_messaging/vendor/specifications/fog-riakcs-0.1.0.gemspec
I, [2017-05-09T18:27:08.682836 #31399]  INFO -- : 0:  fog-sakuracloud (1.7.5) from /home/akash/Desktop/projects/fcm_messaging/vendor/specifications/fog-sakuracloud-1.7.5.gemspec
I, [2017-05-09T18:27:10.677350 #31399]  INFO -- : 0:  fog-serverlove (0.1.2) from /home/akash/Desktop/projects/fcm_messaging/vendor/specifications/fog-serverlove-0.1.2.gemspec
I, [2017-05-09T18:27:12.798445 #31399]  INFO -- : 0:  fog-softlayer (1.1.4) from /home/akash/Desktop/projects/fcm_messaging/vendor/specifications/fog-softlayer-1.1.4.gemspec
I, [2017-05-09T18:27:14.116951 #31399]  INFO -- : 0:  fog-storm_on_demand (0.1.1) from /home/akash/Desktop/projects/fcm_messaging/vendor/specifications/fog-storm_on_demand-0.1.1.gemspec
I, [2017-05-09T18:27:15.507760 #31399]  INFO -- : 0:  fog-terremark (0.1.0) from /home/akash/Desktop/projects/fcm_messaging/vendor/specifications/fog-terremark-0.1.0.gemspec
I, [2017-05-09T18:27:16.584307 #31399]  INFO -- : 0:  fog-vmfusion (0.1.0) from /home/akash/Desktop/projects/fcm_messaging/vendor/specifications/fog-vmfusion-0.1.0.gemspec
I, [2017-05-09T18:27:17.879477 #31399]  INFO -- : 0:  fog-voxel (0.1.0) from /home/akash/Desktop/projects/fcm_messaging/vendor/specifications/fog-voxel-0.1.0.gemspec
I, [2017-05-09T18:27:19.442639 #31399]  INFO -- : 0:  trollop (2.1.2) from /home/akash/Desktop/projects/fcm_messaging/vendor/specifications/trollop-2.1.2.gemspec
I, [2017-05-09T18:27:22.203114 #31399]  INFO -- : 0:  rbvmomi (1.11.2) from /home/akash/Desktop/projects/fcm_messaging/vendor/specifications/rbvmomi-1.11.2.gemspec
I, [2017-05-09T18:27:23.897316 #31399]  INFO -- : 0:  fog-vsphere (1.9.1) from /home/akash/Desktop/projects/fcm_messaging/vendor/specifications/fog-vsphere-1.9.1.gemspec
I, [2017-05-09T18:27:25.719220 #31399]  INFO -- : 0:  fog-xenserver (0.3.0) from /home/akash/Desktop/projects/fcm_messaging/vendor/specifications/fog-xenserver-0.3.0.gemspec
I, [2017-05-09T18:27:28.525579 #31399]  INFO -- : 0:  fog (1.40.0) from /home/akash/Desktop/projects/fcm_messaging/vendor/specifications/fog-1.40.0.gemspec
I, [2017-05-09T18:27:28.526205 #31399]  INFO -- : 0:  hike (1.2.3) from /home/akash/Desktop/projects/fcm_messaging/vendor/specifications/hike-1.2.3.gemspec
I, [2017-05-09T18:27:28.526644 #31399]  INFO -- : 0:  jbuilder (2.6.3) from /home/akash/Desktop/projects/fcm_messaging/vendor/specifications/jbuilder-2.6.3.gemspec
I, [2017-05-09T18:27:28.527033 #31399]  INFO -- : 0:  jquery-rails (3.1.4) from /home/akash/Desktop/projects/fcm_messaging/vendor/specifications/jquery-rails-3.1.4.gemspec
I, [2017-05-09T18:27:29.799783 #31399]  INFO -- : 0:  mini_magick (4.7.0) from /home/akash/Desktop/projects/fcm_messaging/vendor/specifications/mini_magick-4.7.0.gemspec
I, [2017-05-09T18:27:29.800303 #31399]  INFO -- : 0:  tilt (1.4.1) from /home/akash/Desktop/projects/fcm_messaging/vendor/specifications/tilt-1.4.1.gemspec
I, [2017-05-09T18:27:29.800688 #31399]  INFO -- : 0:  sprockets (2.12.4) from /home/akash/Desktop/projects/fcm_messaging/vendor/specifications/sprockets-2.12.4.gemspec
I, [2017-05-09T18:27:29.800987 #31399]  INFO -- : 0:  sprockets-rails (2.3.3) from /home/akash/Desktop/projects/fcm_messaging/vendor/specifications/sprockets-rails-2.3.3.gemspec
I, [2017-05-09T18:27:29.801289 #31399]  INFO -- : 0:  rails (4.1.11) from /home/akash/Desktop/projects/fcm_messaging/vendor/specifications/rails-4.1.11.gemspec
I, [2017-05-09T18:27:29.801610 #31399]  INFO -- : 0:  rdoc (4.3.0) from /home/akash/Desktop/projects/fcm_messaging/vendor/specifications/rdoc-4.3.0.gemspec
I, [2017-05-09T18:27:29.801974 #31399]  INFO -- : 0:  sass (3.2.19) from /home/akash/Desktop/projects/fcm_messaging/vendor/specifications/sass-3.2.19.gemspec
I, [2017-05-09T18:27:29.802330 #31399]  INFO -- : 0:  sass-rails (4.0.5) from /home/akash/Desktop/projects/fcm_messaging/vendor/specifications/sass-rails-4.0.5.gemspec
I, [2017-05-09T18:27:29.802654 #31399]  INFO -- : 0:  sdoc (0.4.2) from /home/akash/Desktop/projects/fcm_messaging/vendor/specifications/sdoc-0.4.2.gemspec
I, [2017-05-09T18:27:29.802970 #31399]  INFO -- : 0:  spring (1.7.2) from /home/akash/Desktop/projects/fcm_messaging/vendor/specifications/spring-1.7.2.gemspec
I, [2017-05-09T18:27:29.803266 #31399]  INFO -- : 0:  sqlite3 (1.3.13) from /home/akash/Desktop/projects/fcm_messaging/vendor/specifications/sqlite3-1.3.13.gemspec
I, [2017-05-09T18:27:29.803562 #31399]  INFO -- : 0:  turbolinks-source (5.0.3) from /home/akash/Desktop/projects/fcm_messaging/vendor/specifications/turbolinks-source-5.0.3.gemspec
I, [2017-05-09T18:27:29.803865 #31399]  INFO -- : 0:  turbolinks (5.0.1) from /home/akash/Desktop/projects/fcm_messaging/vendor/specifications/turbolinks-5.0.1.gemspec
I, [2017-05-09T18:27:29.804162 #31399]  INFO -- : 0:  uglifier (3.2.0) from /home/akash/Desktop/projects/fcm_messaging/vendor/specifications/uglifier-3.2.0.gemspec
I, [2017-05-15T12:22:11.398822 #8879]  INFO -- : 0:  rake (12.0.0) from /home/akash/Desktop/projects/fcm_messaging/vendor/specifications/rake-12.0.0.gemspec
I, [2017-05-15T12:22:11.415490 #8879]  INFO -- : 0:  CFPropertyList (2.3.5) from /home/akash/Desktop/projects/fcm_messaging/vendor/specifications/CFPropertyList-2.3.5.gemspec
I, [2017-05-15T12:22:11.415777 #8879]  INFO -- : 0:  i18n (0.8.1) from /home/akash/Desktop/projects/fcm_messaging/vendor/specifications/i18n-0.8.1.gemspec
I, [2017-05-15T12:22:11.416119 #8879]  INFO -- : 0:  json (1.8.6) from /home/akash/Desktop/projects/fcm_messaging/vendor/specifications/json-1.8.6.gemspec
I, [2017-05-15T12:22:11.416468 #8879]  INFO -- : 0:  minitest (5.10.1) from /home/akash/Desktop/projects/fcm_messaging/vendor/specifications/minitest-5.10.1.gemspec
I, [2017-05-15T12:22:11.416785 #8879]  INFO -- : 0:  thread_safe (0.3.6) from /home/akash/Desktop/projects/fcm_messaging/vendor/specifications/thread_safe-0.3.6.gemspec
I, [2017-05-15T12:22:11.417255 #8879]  INFO -- : 0:  tzinfo (1.2.3) from /home/akash/Desktop/projects/fcm_messaging/vendor/specifications/tzinfo-1.2.3.gemspec
I, [2017-05-15T12:22:11.417688 #8879]  INFO -- : 0:  activesupport (4.1.11) from /home/akash/Desktop/projects/fcm_messaging/vendor/specifications/activesupport-4.1.11.gemspec
I, [2017-05-15T12:22:11.418570 #8879]  INFO -- : 0:  builder (3.2.3) from /home/akash/Desktop/projects/fcm_messaging/vendor/specifications/builder-3.2.3.gemspec
I, [2017-05-15T12:22:11.419311 #8879]  INFO -- : 0:  erubis (2.7.0) from /home/akash/Desktop/projects/fcm_messaging/vendor/specifications/erubis-2.7.0.gemspec
I, [2017-05-15T12:22:11.419696 #8879]  INFO -- : 0:  actionview (4.1.11) from /home/akash/Desktop/projects/fcm_messaging/vendor/specifications/actionview-4.1.11.gemspec
I, [2017-05-15T12:22:11.420013 #8879]  INFO -- : 0:  rack (1.5.5) from /home/akash/Desktop/projects/fcm_messaging/vendor/specifications/rack-1.5.5.gemspec
I, [2017-05-15T12:22:11.420394 #8879]  INFO -- : 0:  rack-test (0.6.3) from /home/akash/Desktop/projects/fcm_messaging/vendor/specifications/rack-test-0.6.3.gemspec
I, [2017-05-15T12:22:11.420749 #8879]  INFO -- : 0:  actionpack (4.1.11) from /home/akash/Desktop/projects/fcm_messaging/vendor/specifications/actionpack-4.1.11.gemspec
I, [2017-05-15T12:22:11.421069 #8879]  INFO -- : 0:  mime-types-data (3.2016.0521) from /home/akash/Desktop/projects/fcm_messaging/vendor/specifications/mime-types-data-3.2016.0521.gemspec
I, [2017-05-15T12:22:11.421484 #8879]  INFO -- : 0:  mime-types (3.1) from /home/akash/Desktop/projects/fcm_messaging/vendor/specifications/mime-types-3.1.gemspec
I, [2017-05-15T12:22:11.421905 #8879]  INFO -- : 0:  mail (2.6.5) from /home/akash/Desktop/projects/fcm_messaging/vendor/specifications/mail-2.6.5.gemspec
I, [2017-05-15T12:22:11.422285 #8879]  INFO -- : 0:  actionmailer (4.1.11) from /home/akash/Desktop/projects/fcm_messaging/vendor/specifications/actionmailer-4.1.11.gemspec
I, [2017-05-15T12:22:11.422679 #8879]  INFO -- : 0:  activemodel (4.1.11) from /home/akash/Desktop/projects/fcm_messaging/vendor/specifications/activemodel-4.1.11.gemspec
I, [2017-05-15T12:22:11.422929 #8879]  INFO -- : 0:  arel (5.0.1.20140414130214) from /home/akash/Desktop/projects/fcm_messaging/vendor/specifications/arel-5.0.1.20140414130214.gemspec
I, [2017-05-15T12:22:11.423205 #8879]  INFO -- : 0:  activerecord (4.1.11) from /home/akash/Desktop/projects/fcm_messaging/vendor/specifications/activerecord-4.1.11.gemspec
I, [2017-05-15T12:22:16.255199 #8879]  INFO -- : 0:  bcrypt (3.1.11) from /home/akash/Desktop/projects/fcm_messaging/vendor/specifications/bcrypt-3.1.11.gemspec
I, [2017-05-15T12:22:16.255727 #8879]  INFO -- : 0:  bundler (1.5.1) from /home/akash/.rbenv/versions/2.1.5/lib/ruby/gems/2.1.0/gems/bundler-1.5.1/lib/bundler/source
I, [2017-05-15T12:22:16.256221 #8879]  INFO -- : 0:  carrierwave (1.1.0) from /home/akash/Desktop/projects/fcm_messaging/vendor/specifications/carrierwave-1.1.0.gemspec
I, [2017-05-15T12:22:16.256606 #8879]  INFO -- : 0:  coffee-script-source (1.12.2) from /home/akash/Desktop/projects/fcm_messaging/vendor/specifications/coffee-script-source-1.12.2.gemspec
I, [2017-05-15T12:22:16.256980 #8879]  INFO -- : 0:  execjs (2.7.0) from /home/akash/Desktop/projects/fcm_messaging/vendor/specifications/execjs-2.7.0.gemspec
I, [2017-05-15T12:22:16.257340 #8879]  INFO -- : 0:  coffee-script (2.4.1) from /home/akash/Desktop/projects/fcm_messaging/vendor/specifications/coffee-script-2.4.1.gemspec
I, [2017-05-15T12:22:16.257722 #8879]  INFO -- : 0:  thor (0.19.4) from /home/akash/Desktop/projects/fcm_messaging/vendor/specifications/thor-0.19.4.gemspec
I, [2017-05-15T12:22:16.258112 #8879]  INFO -- : 0:  railties (4.1.11) from /home/akash/Desktop/projects/fcm_messaging/vendor/specifications/railties-4.1.11.gemspec
I, [2017-05-15T12:22:16.258458 #8879]  INFO -- : 0:  coffee-rails (4.0.1) from /home/akash/Desktop/projects/fcm_messaging/vendor/specifications/coffee-rails-4.0.1.gemspec
I, [2017-05-15T12:22:16.710001 #8879]  INFO -- : 0:  orm_adapter (0.5.0) from /home/akash/Desktop/projects/fcm_messaging/vendor/specifications/orm_adapter-0.5.0.gemspec
I, [2017-05-15T12:22:17.219607 #8879]  INFO -- : 0:  responders (1.1.2) from /home/akash/Desktop/projects/fcm_messaging/vendor/specifications/responders-1.1.2.gemspec
I, [2017-05-15T12:22:17.720784 #8879]  INFO -- : 0:  warden (1.2.7) from /home/akash/Desktop/projects/fcm_messaging/vendor/specifications/warden-1.2.7.gemspec
I, [2017-05-15T12:22:18.458296 #8879]  INFO -- : 0:  devise (4.3.0) from /home/akash/Desktop/projects/fcm_messaging/vendor/specifications/devise-4.3.0.gemspec
I, [2017-05-15T12:22:18.458800 #8879]  INFO -- : 0:  excon (0.55.0) from /home/akash/Desktop/projects/fcm_messaging/vendor/specifications/excon-0.55.0.gemspec
I, [2017-05-15T12:22:18.459204 #8879]  INFO -- : 0:  fission (0.5.0) from /home/akash/Desktop/projects/fcm_messaging/vendor/specifications/fission-0.5.0.gemspec
I, [2017-05-15T12:22:18.459569 #8879]  INFO -- : 0:  formatador (0.2.5) from /home/akash/Desktop/projects/fcm_messaging/vendor/specifications/formatador-0.2.5.gemspec
I, [2017-05-15T12:22:18.459912 #8879]  INFO -- : 0:  fog-core (1.44.1) from /home/akash/Desktop/projects/fcm_messaging/vendor/specifications/fog-core-1.44.1.gemspec
I, [2017-05-15T12:22:18.460257 #8879]  INFO -- : 0:  multi_json (1.12.1) from /home/akash/Desktop/projects/fcm_messaging/vendor/specifications/multi_json-1.12.1.gemspec
I, [2017-05-15T12:22:18.460624 #8879]  INFO -- : 0:  fog-json (1.0.2) from /home/akash/Desktop/projects/fcm_messaging/vendor/specifications/fog-json-1.0.2.gemspec
I, [2017-05-15T12:22:18.460948 #8879]  INFO -- : 0:  ipaddress (0.8.3) from /home/akash/Desktop/projects/fcm_messaging/vendor/specifications/ipaddress-0.8.3.gemspec
I, [2017-05-15T12:22:18.461254 #8879]  INFO -- : 0:  xml-simple (1.1.5) from /home/akash/Desktop/projects/fcm_messaging/vendor/specifications/xml-simple-1.1.5.gemspec
I, [2017-05-15T12:22:18.461571 #8879]  INFO -- : 0:  fog-aliyun (0.1.0) from /home/akash/Desktop/projects/fcm_messaging/vendor/specifications/fog-aliyun-0.1.0.gemspec
I, [2017-05-15T12:22:18.461901 #8879]  INFO -- : 0:  mini_portile2 (2.1.0) from /home/akash/Desktop/projects/fcm_messaging/vendor/specifications/mini_portile2-2.1.0.gemspec
I, [2017-05-15T12:22:18.462318 #8879]  INFO -- : 0:  nokogiri (1.7.1) from /home/akash/Desktop/projects/fcm_messaging/vendor/specifications/nokogiri-1.7.1.gemspec
I, [2017-05-15T12:22:18.462670 #8879]  INFO -- : 0:  fog-xml (0.1.3) from /home/akash/Desktop/projects/fcm_messaging/vendor/specifications/fog-xml-0.1.3.gemspec
I, [2017-05-15T12:22:18.463022 #8879]  INFO -- : 0:  fog-atmos (0.1.0) from /home/akash/Desktop/projects/fcm_messaging/vendor/specifications/fog-atmos-0.1.0.gemspec
I, [2017-05-15T12:22:18.463400 #8879]  INFO -- : 0:  fog-aws (1.3.0) from /home/akash/Desktop/projects/fcm_messaging/vendor/specifications/fog-aws-1.3.0.gemspec
I, [2017-05-15T12:22:18.463753 #8879]  INFO -- : 0:  inflecto (0.0.2) from /home/akash/Desktop/projects/fcm_messaging/vendor/specifications/inflecto-0.0.2.gemspec
I, [2017-05-15T12:22:18.464141 #8879]  INFO -- : 0:  fog-brightbox (0.11.0) from /home/akash/Desktop/projects/fcm_messaging/vendor/specifications/fog-brightbox-0.11.0.gemspec
I, [2017-05-15T12:22:18.464545 #8879]  INFO -- : 0:  fog-cloudatcost (0.1.2) from /home/akash/Desktop/projects/fcm_messaging/vendor/specifications/fog-cloudatcost-0.1.2.gemspec
I, [2017-05-15T12:22:18.464969 #8879]  INFO -- : 0:  fog-digitalocean (0.3.0) from /home/akash/Desktop/projects/fcm_messaging/vendor/specifications/fog-digitalocean-0.3.0.gemspec
I, [2017-05-15T12:22:18.465336 #8879]  INFO -- : 0:  fog-dnsimple (1.0.0) from /home/akash/Desktop/projects/fcm_messaging/vendor/specifications/fog-dnsimple-1.0.0.gemspec
I, [2017-05-15T12:22:18.465711 #8879]  INFO -- : 0:  fog-dynect (0.0.3) from /home/akash/Desktop/projects/fcm_messaging/vendor/specifications/fog-dynect-0.0.3.gemspec
I, [2017-05-15T12:22:18.466066 #8879]  INFO -- : 0:  fog-ecloud (0.3.0) from /home/akash/Desktop/projects/fcm_messaging/vendor/specifications/fog-ecloud-0.3.0.gemspec
I, [2017-05-15T12:22:18.466436 #8879]  INFO -- : 0:  fog-google (0.1.0) from /home/akash/Desktop/projects/fcm_messaging/vendor/specifications/fog-google-0.1.0.gemspec
I, [2017-05-15T12:22:18.466861 #8879]  INFO -- : 0:  fog-local (0.3.1) from /home/akash/Desktop/projects/fcm_messaging/vendor/specifications/fog-local-0.3.1.gemspec
I, [2017-05-15T12:22:18.467297 #8879]  INFO -- : 0:  fog-openstack (0.1.20) from /home/akash/Desktop/projects/fcm_messaging/vendor/specifications/fog-openstack-0.1.20.gemspec
I, [2017-05-15T12:22:18.467689 #8879]  INFO -- : 0:  fog-powerdns (0.1.1) from /home/akash/Desktop/projects/fcm_messaging/vendor/specifications/fog-powerdns-0.1.1.gemspec
I, [2017-05-15T12:22:18.468080 #8879]  INFO -- : 0:  fog-profitbricks (3.0.0) from /home/akash/Desktop/projects/fcm_messaging/vendor/specifications/fog-profitbricks-3.0.0.gemspec
I, [2017-05-15T12:22:18.471167 #8879]  INFO -- : 0:  fog-rackspace (0.1.5) from /home/akash/Desktop/projects/fcm_messaging/vendor/specifications/fog-rackspace-0.1.5.gemspec
I, [2017-05-15T12:22:18.471986 #8879]  INFO -- : 0:  fog-radosgw (0.0.5) from /home/akash/Desktop/projects/fcm_messaging/vendor/specifications/fog-radosgw-0.0.5.gemspec
I, [2017-05-15T12:22:18.472465 #8879]  INFO -- : 0:  fog-riakcs (0.1.0) from /home/akash/Desktop/projects/fcm_messaging/vendor/specifications/fog-riakcs-0.1.0.gemspec
I, [2017-05-15T12:22:18.472897 #8879]  INFO -- : 0:  fog-sakuracloud (1.7.5) from /home/akash/Desktop/projects/fcm_messaging/vendor/specifications/fog-sakuracloud-1.7.5.gemspec
I, [2017-05-15T12:22:18.473300 #8879]  INFO -- : 0:  fog-serverlove (0.1.2) from /home/akash/Desktop/projects/fcm_messaging/vendor/specifications/fog-serverlove-0.1.2.gemspec
I, [2017-05-15T12:22:18.473678 #8879]  INFO -- : 0:  fog-softlayer (1.1.4) from /home/akash/Desktop/projects/fcm_messaging/vendor/specifications/fog-softlayer-1.1.4.gemspec
I, [2017-05-15T12:22:18.474068 #8879]  INFO -- : 0:  fog-storm_on_demand (0.1.1) from /home/akash/Desktop/projects/fcm_messaging/vendor/specifications/fog-storm_on_demand-0.1.1.gemspec
I, [2017-05-15T12:22:18.474391 #8879]  INFO -- : 0:  fog-terremark (0.1.0) from /home/akash/Desktop/projects/fcm_messaging/vendor/specifications/fog-terremark-0.1.0.gemspec
I, [2017-05-15T12:22:18.474730 #8879]  INFO -- : 0:  fog-vmfusion (0.1.0) from /home/akash/Desktop/projects/fcm_messaging/vendor/specifications/fog-vmfusion-0.1.0.gemspec
I, [2017-05-15T12:22:18.475082 #8879]  INFO -- : 0:  fog-voxel (0.1.0) from /home/akash/Desktop/projects/fcm_messaging/vendor/specifications/fog-voxel-0.1.0.gemspec
I, [2017-05-15T12:22:18.475466 #8879]  INFO -- : 0:  trollop (2.1.2) from /home/akash/Desktop/projects/fcm_messaging/vendor/specifications/trollop-2.1.2.gemspec
I, [2017-05-15T12:22:18.475857 #8879]  INFO -- : 0:  rbvmomi (1.11.2) from /home/akash/Desktop/projects/fcm_messaging/vendor/specifications/rbvmomi-1.11.2.gemspec
I, [2017-05-15T12:22:18.480331 #8879]  INFO -- : 0:  fog-vsphere (1.9.1) from /home/akash/Desktop/projects/fcm_messaging/vendor/specifications/fog-vsphere-1.9.1.gemspec
I, [2017-05-15T12:22:18.480933 #8879]  INFO -- : 0:  fog-xenserver (0.3.0) from /home/akash/Desktop/projects/fcm_messaging/vendor/specifications/fog-xenserver-0.3.0.gemspec
I, [2017-05-15T12:22:18.481398 #8879]  INFO -- : 0:  fog (1.40.0) from /home/akash/Desktop/projects/fcm_messaging/vendor/specifications/fog-1.40.0.gemspec
I, [2017-05-15T12:22:19.323872 #8879]  INFO -- : 0:  font-awesome-rails (4.7.0.2) from /home/akash/Desktop/projects/fcm_messaging/vendor/specifications/font-awesome-rails-4.7.0.2.gemspec
I, [2017-05-15T12:22:19.801693 #8879]  INFO -- : 0:  temple (0.8.0) from /home/akash/Desktop/projects/fcm_messaging/vendor/specifications/temple-0.8.0.gemspec
I, [2017-05-15T12:22:19.802146 #8879]  INFO -- : 0:  tilt (1.4.1) from /home/akash/Desktop/projects/fcm_messaging/vendor/specifications/tilt-1.4.1.gemspec
I, [2017-05-15T12:22:20.422946 #8879]  INFO -- : 0:  haml (5.0.1) from /home/akash/Desktop/projects/fcm_messaging/vendor/specifications/haml-5.0.1.gemspec
I, [2017-05-15T12:22:20.423428 #8879]  INFO -- : 0:  hike (1.2.3) from /home/akash/Desktop/projects/fcm_messaging/vendor/specifications/hike-1.2.3.gemspec
I, [2017-05-15T12:22:20.423753 #8879]  INFO -- : 0:  jbuilder (2.6.3) from /home/akash/Desktop/projects/fcm_messaging/vendor/specifications/jbuilder-2.6.3.gemspec
I, [2017-05-15T12:22:20.424075 #8879]  INFO -- : 0:  jquery-rails (3.1.4) from /home/akash/Desktop/projects/fcm_messaging/vendor/specifications/jquery-rails-3.1.4.gemspec
I, [2017-05-15T12:22:21.088779 #8879]  INFO -- : 0:  jquery-ui-rails (5.0.5) from /home/akash/Desktop/projects/fcm_messaging/vendor/specifications/jquery-ui-rails-5.0.5.gemspec
I, [2017-05-15T12:22:21.534108 #8879]  INFO -- : 0:  kaminari-core (1.0.1) from /home/akash/Desktop/projects/fcm_messaging/vendor/specifications/kaminari-core-1.0.1.gemspec
I, [2017-05-15T12:22:21.878594 #8879]  INFO -- : 0:  kaminari-actionview (1.0.1) from /home/akash/Desktop/projects/fcm_messaging/vendor/specifications/kaminari-actionview-1.0.1.gemspec
I, [2017-05-15T12:22:22.255777 #8879]  INFO -- : 0:  kaminari-activerecord (1.0.1) from /home/akash/Desktop/projects/fcm_messaging/vendor/specifications/kaminari-activerecord-1.0.1.gemspec
I, [2017-05-15T12:22:22.699777 #8879]  INFO -- : 0:  kaminari (1.0.1) from /home/akash/Desktop/projects/fcm_messaging/vendor/specifications/kaminari-1.0.1.gemspec
I, [2017-05-15T12:22:22.700315 #8879]  INFO -- : 0:  mini_magick (4.7.0) from /home/akash/Desktop/projects/fcm_messaging/vendor/specifications/mini_magick-4.7.0.gemspec
I, [2017-05-15T12:22:26.115424 #8879]  INFO -- : 0:  nested_form (0.3.2) from /home/akash/Desktop/projects/fcm_messaging/vendor/specifications/nested_form-0.3.2.gemspec
I, [2017-05-15T12:22:26.637977 #8879]  INFO -- : 0:  rack-pjax (1.0.0) from /home/akash/Desktop/projects/fcm_messaging/vendor/specifications/rack-pjax-1.0.0.gemspec
I, [2017-05-15T12:22:26.638349 #8879]  INFO -- : 0:  sprockets (2.12.4) from /home/akash/Desktop/projects/fcm_messaging/vendor/specifications/sprockets-2.12.4.gemspec
I, [2017-05-15T12:22:26.638615 #8879]  INFO -- : 0:  sprockets-rails (2.3.3) from /home/akash/Desktop/projects/fcm_messaging/vendor/specifications/sprockets-rails-2.3.3.gemspec
I, [2017-05-15T12:22:26.638833 #8879]  INFO -- : 0:  rails (4.1.11) from /home/akash/Desktop/projects/fcm_messaging/vendor/specifications/rails-4.1.11.gemspec
I, [2017-05-15T12:22:26.728715 #8879]  INFO -- : 0:  remotipart (1.3.1) from /home/akash/Desktop/projects/fcm_messaging/vendor/bundler/gems/remotipart-cd653ddc43bb/remotipart.gemspec
I, [2017-05-15T12:22:26.729064 #8879]  INFO -- : 0:  sass (3.2.19) from /home/akash/Desktop/projects/fcm_messaging/vendor/specifications/sass-3.2.19.gemspec
I, [2017-05-15T12:22:26.729315 #8879]  INFO -- : 0:  sass-rails (4.0.5) from /home/akash/Desktop/projects/fcm_messaging/vendor/specifications/sass-rails-4.0.5.gemspec
I, [2017-05-15T12:22:26.968523 #8879]  INFO -- : 0:  rails_admin (1.1.1) from /home/akash/Desktop/projects/fcm_messaging/vendor/bundler/gems/rails_admin-2ec766e80487/rails_admin.gemspec
I, [2017-05-15T12:22:27.373318 #8879]  INFO -- : 0:  rails_admin_rollincode (1.2.1) from /home/akash/Desktop/projects/fcm_messaging/vendor/specifications/rails_admin_rollincode-1.2.1.gemspec
I, [2017-05-15T12:22:27.373703 #8879]  INFO -- : 0:  rdoc (4.3.0) from /home/akash/Desktop/projects/fcm_messaging/vendor/specifications/rdoc-4.3.0.gemspec
I, [2017-05-15T12:22:27.373932 #8879]  INFO -- : 0:  sdoc (0.4.2) from /home/akash/Desktop/projects/fcm_messaging/vendor/specifications/sdoc-0.4.2.gemspec
I, [2017-05-15T12:22:27.374158 #8879]  INFO -- : 0:  spring (1.7.2) from /home/akash/Desktop/projects/fcm_messaging/vendor/specifications/spring-1.7.2.gemspec
I, [2017-05-15T12:22:27.374409 #8879]  INFO -- : 0:  sqlite3 (1.3.13) from /home/akash/Desktop/projects/fcm_messaging/vendor/specifications/sqlite3-1.3.13.gemspec
I, [2017-05-15T12:22:27.374677 #8879]  INFO -- : 0:  turbolinks-source (5.0.3) from /home/akash/Desktop/projects/fcm_messaging/vendor/specifications/turbolinks-source-5.0.3.gemspec
I, [2017-05-15T12:22:27.374896 #8879]  INFO -- : 0:  turbolinks (5.0.1) from /home/akash/Desktop/projects/fcm_messaging/vendor/specifications/turbolinks-5.0.1.gemspec
I, [2017-05-15T12:22:27.375102 #8879]  INFO -- : 0:  uglifier (3.2.0) from /home/akash/Desktop/projects/fcm_messaging/vendor/specifications/uglifier-3.2.0.gemspec
I, [2017-05-15T12:27:14.550015 #11523]  INFO -- : 0:  rake (12.0.0) from /home/akash/Desktop/projects/fcm_messaging/vendor/specifications/rake-12.0.0.gemspec
I, [2017-05-15T12:27:14.550514 #11523]  INFO -- : 0:  CFPropertyList (2.3.5) from /home/akash/Desktop/projects/fcm_messaging/vendor/specifications/CFPropertyList-2.3.5.gemspec
I, [2017-05-15T12:27:14.550792 #11523]  INFO -- : 0:  i18n (0.8.1) from /home/akash/Desktop/projects/fcm_messaging/vendor/specifications/i18n-0.8.1.gemspec
I, [2017-05-15T12:27:14.551031 #11523]  INFO -- : 0:  json (1.8.6) from /home/akash/Desktop/projects/fcm_messaging/vendor/specifications/json-1.8.6.gemspec
I, [2017-05-15T12:27:14.551269 #11523]  INFO -- : 0:  minitest (5.10.1) from /home/akash/Desktop/projects/fcm_messaging/vendor/specifications/minitest-5.10.1.gemspec
I, [2017-05-15T12:27:14.551463 #11523]  INFO -- : 0:  thread_safe (0.3.6) from /home/akash/Desktop/projects/fcm_messaging/vendor/specifications/thread_safe-0.3.6.gemspec
I, [2017-05-15T12:27:14.551685 #11523]  INFO -- : 0:  tzinfo (1.2.3) from /home/akash/Desktop/projects/fcm_messaging/vendor/specifications/tzinfo-1.2.3.gemspec
I, [2017-05-15T12:27:14.551906 #11523]  INFO -- : 0:  activesupport (4.1.11) from /home/akash/Desktop/projects/fcm_messaging/vendor/specifications/activesupport-4.1.11.gemspec
I, [2017-05-15T12:27:14.552101 #11523]  INFO -- : 0:  builder (3.2.3) from /home/akash/Desktop/projects/fcm_messaging/vendor/specifications/builder-3.2.3.gemspec
I, [2017-05-15T12:27:14.552316 #11523]  INFO -- : 0:  erubis (2.7.0) from /home/akash/Desktop/projects/fcm_messaging/vendor/specifications/erubis-2.7.0.gemspec
I, [2017-05-15T12:27:14.552518 #11523]  INFO -- : 0:  actionview (4.1.11) from /home/akash/Desktop/projects/fcm_messaging/vendor/specifications/actionview-4.1.11.gemspec
I, [2017-05-15T12:27:14.552724 #11523]  INFO -- : 0:  rack (1.5.5) from /home/akash/Desktop/projects/fcm_messaging/vendor/specifications/rack-1.5.5.gemspec
I, [2017-05-15T12:27:14.552917 #11523]  INFO -- : 0:  rack-test (0.6.3) from /home/akash/Desktop/projects/fcm_messaging/vendor/specifications/rack-test-0.6.3.gemspec
I, [2017-05-15T12:27:14.553152 #11523]  INFO -- : 0:  actionpack (4.1.11) from /home/akash/Desktop/projects/fcm_messaging/vendor/specifications/actionpack-4.1.11.gemspec
I, [2017-05-15T12:27:14.553391 #11523]  INFO -- : 0:  mime-types-data (3.2016.0521) from /home/akash/Desktop/projects/fcm_messaging/vendor/specifications/mime-types-data-3.2016.0521.gemspec
I, [2017-05-15T12:27:14.553686 #11523]  INFO -- : 0:  mime-types (3.1) from /home/akash/Desktop/projects/fcm_messaging/vendor/specifications/mime-types-3.1.gemspec
I, [2017-05-15T12:27:14.553926 #11523]  INFO -- : 0:  mail (2.6.5) from /home/akash/Desktop/projects/fcm_messaging/vendor/specifications/mail-2.6.5.gemspec
I, [2017-05-15T12:27:14.554126 #11523]  INFO -- : 0:  actionmailer (4.1.11) from /home/akash/Desktop/projects/fcm_messaging/vendor/specifications/actionmailer-4.1.11.gemspec
I, [2017-05-15T12:27:14.554368 #11523]  INFO -- : 0:  activemodel (4.1.11) from /home/akash/Desktop/projects/fcm_messaging/vendor/specifications/activemodel-4.1.11.gemspec
I, [2017-05-15T12:27:14.554600 #11523]  INFO -- : 0:  arel (5.0.1.20140414130214) from /home/akash/Desktop/projects/fcm_messaging/vendor/specifications/arel-5.0.1.20140414130214.gemspec
I, [2017-05-15T12:27:14.554819 #11523]  INFO -- : 0:  activerecord (4.1.11) from /home/akash/Desktop/projects/fcm_messaging/vendor/specifications/activerecord-4.1.11.gemspec
I, [2017-05-15T12:27:14.555025 #11523]  INFO -- : 0:  bcrypt (3.1.11) from /home/akash/Desktop/projects/fcm_messaging/vendor/specifications/bcrypt-3.1.11.gemspec
I, [2017-05-15T12:27:14.555206 #11523]  INFO -- : 0:  bundler (1.5.1) from /home/akash/.rbenv/versions/2.1.5/lib/ruby/gems/2.1.0/gems/bundler-1.5.1/lib/bundler/source
I, [2017-05-15T12:27:14.555398 #11523]  INFO -- : 0:  carrierwave (1.1.0) from /home/akash/Desktop/projects/fcm_messaging/vendor/specifications/carrierwave-1.1.0.gemspec
I, [2017-05-15T12:27:14.555623 #11523]  INFO -- : 0:  coffee-script-source (1.12.2) from /home/akash/Desktop/projects/fcm_messaging/vendor/specifications/coffee-script-source-1.12.2.gemspec
I, [2017-05-15T12:27:14.555867 #11523]  INFO -- : 0:  execjs (2.7.0) from /home/akash/Desktop/projects/fcm_messaging/vendor/specifications/execjs-2.7.0.gemspec
I, [2017-05-15T12:27:14.556068 #11523]  INFO -- : 0:  coffee-script (2.4.1) from /home/akash/Desktop/projects/fcm_messaging/vendor/specifications/coffee-script-2.4.1.gemspec
I, [2017-05-15T12:27:14.556282 #11523]  INFO -- : 0:  thor (0.19.4) from /home/akash/Desktop/projects/fcm_messaging/vendor/specifications/thor-0.19.4.gemspec
I, [2017-05-15T12:27:14.556510 #11523]  INFO -- : 0:  railties (4.1.11) from /home/akash/Desktop/projects/fcm_messaging/vendor/specifications/railties-4.1.11.gemspec
I, [2017-05-15T12:27:14.556701 #11523]  INFO -- : 0:  coffee-rails (4.0.1) from /home/akash/Desktop/projects/fcm_messaging/vendor/specifications/coffee-rails-4.0.1.gemspec
I, [2017-05-15T12:27:14.556909 #11523]  INFO -- : 0:  orm_adapter (0.5.0) from /home/akash/Desktop/projects/fcm_messaging/vendor/specifications/orm_adapter-0.5.0.gemspec
I, [2017-05-15T12:27:14.557105 #11523]  INFO -- : 0:  responders (1.1.2) from /home/akash/Desktop/projects/fcm_messaging/vendor/specifications/responders-1.1.2.gemspec
I, [2017-05-15T12:27:14.557307 #11523]  INFO -- : 0:  warden (1.2.7) from /home/akash/Desktop/projects/fcm_messaging/vendor/specifications/warden-1.2.7.gemspec
I, [2017-05-15T12:27:14.557500 #11523]  INFO -- : 0:  devise (4.3.0) from /home/akash/Desktop/projects/fcm_messaging/vendor/specifications/devise-4.3.0.gemspec
I, [2017-05-15T12:27:14.557684 #11523]  INFO -- : 0:  excon (0.55.0) from /home/akash/Desktop/projects/fcm_messaging/vendor/specifications/excon-0.55.0.gemspec
I, [2017-05-15T12:27:14.557993 #11523]  INFO -- : 0:  fission (0.5.0) from /home/akash/Desktop/projects/fcm_messaging/vendor/specifications/fission-0.5.0.gemspec
I, [2017-05-15T12:27:14.558316 #11523]  INFO -- : 0:  formatador (0.2.5) from /home/akash/Desktop/projects/fcm_messaging/vendor/specifications/formatador-0.2.5.gemspec
I, [2017-05-15T12:27:14.558575 #11523]  INFO -- : 0:  fog-core (1.44.1) from /home/akash/Desktop/projects/fcm_messaging/vendor/specifications/fog-core-1.44.1.gemspec
I, [2017-05-15T12:27:14.558777 #11523]  INFO -- : 0:  multi_json (1.12.1) from /home/akash/Desktop/projects/fcm_messaging/vendor/specifications/multi_json-1.12.1.gemspec
I, [2017-05-15T12:27:14.558987 #11523]  INFO -- : 0:  fog-json (1.0.2) from /home/akash/Desktop/projects/fcm_messaging/vendor/specifications/fog-json-1.0.2.gemspec
I, [2017-05-15T12:27:14.559175 #11523]  INFO -- : 0:  ipaddress (0.8.3) from /home/akash/Desktop/projects/fcm_messaging/vendor/specifications/ipaddress-0.8.3.gemspec
I, [2017-05-15T12:27:14.559378 #11523]  INFO -- : 0:  xml-simple (1.1.5) from /home/akash/Desktop/projects/fcm_messaging/vendor/specifications/xml-simple-1.1.5.gemspec
I, [2017-05-15T12:27:14.559604 #11523]  INFO -- : 0:  fog-aliyun (0.1.0) from /home/akash/Desktop/projects/fcm_messaging/vendor/specifications/fog-aliyun-0.1.0.gemspec
I, [2017-05-15T12:27:14.559809 #11523]  INFO -- : 0:  mini_portile2 (2.1.0) from /home/akash/Desktop/projects/fcm_messaging/vendor/specifications/mini_portile2-2.1.0.gemspec
I, [2017-05-15T12:27:14.560016 #11523]  INFO -- : 0:  nokogiri (1.7.1) from /home/akash/Desktop/projects/fcm_messaging/vendor/specifications/nokogiri-1.7.1.gemspec
I, [2017-05-15T12:27:14.560233 #11523]  INFO -- : 0:  fog-xml (0.1.3) from /home/akash/Desktop/projects/fcm_messaging/vendor/specifications/fog-xml-0.1.3.gemspec
I, [2017-05-15T12:27:14.560443 #11523]  INFO -- : 0:  fog-atmos (0.1.0) from /home/akash/Desktop/projects/fcm_messaging/vendor/specifications/fog-atmos-0.1.0.gemspec
I, [2017-05-15T12:27:14.560646 #11523]  INFO -- : 0:  fog-aws (1.3.0) from /home/akash/Desktop/projects/fcm_messaging/vendor/specifications/fog-aws-1.3.0.gemspec
I, [2017-05-15T12:27:14.560852 #11523]  INFO -- : 0:  inflecto (0.0.2) from /home/akash/Desktop/projects/fcm_messaging/vendor/specifications/inflecto-0.0.2.gemspec
I, [2017-05-15T12:27:14.561051 #11523]  INFO -- : 0:  fog-brightbox (0.11.0) from /home/akash/Desktop/projects/fcm_messaging/vendor/specifications/fog-brightbox-0.11.0.gemspec
I, [2017-05-15T12:27:14.561255 #11523]  INFO -- : 0:  fog-cloudatcost (0.1.2) from /home/akash/Desktop/projects/fcm_messaging/vendor/specifications/fog-cloudatcost-0.1.2.gemspec
I, [2017-05-15T12:27:14.561452 #11523]  INFO -- : 0:  fog-digitalocean (0.3.0) from /home/akash/Desktop/projects/fcm_messaging/vendor/specifications/fog-digitalocean-0.3.0.gemspec
I, [2017-05-15T12:27:14.561651 #11523]  INFO -- : 0:  fog-dnsimple (1.0.0) from /home/akash/Desktop/projects/fcm_messaging/vendor/specifications/fog-dnsimple-1.0.0.gemspec
I, [2017-05-15T12:27:14.561873 #11523]  INFO -- : 0:  fog-dynect (0.0.3) from /home/akash/Desktop/projects/fcm_messaging/vendor/specifications/fog-dynect-0.0.3.gemspec
I, [2017-05-15T12:27:14.562072 #11523]  INFO -- : 0:  fog-ecloud (0.3.0) from /home/akash/Desktop/projects/fcm_messaging/vendor/specifications/fog-ecloud-0.3.0.gemspec
I, [2017-05-15T12:27:14.562292 #11523]  INFO -- : 0:  fog-google (0.1.0) from /home/akash/Desktop/projects/fcm_messaging/vendor/specifications/fog-google-0.1.0.gemspec
I, [2017-05-15T12:27:14.562506 #11523]  INFO -- : 0:  fog-local (0.3.1) from /home/akash/Desktop/projects/fcm_messaging/vendor/specifications/fog-local-0.3.1.gemspec
I, [2017-05-15T12:27:14.562703 #11523]  INFO -- : 0:  fog-openstack (0.1.20) from /home/akash/Desktop/projects/fcm_messaging/vendor/specifications/fog-openstack-0.1.20.gemspec
I, [2017-05-15T12:27:14.562979 #11523]  INFO -- : 0:  fog-powerdns (0.1.1) from /home/akash/Desktop/projects/fcm_messaging/vendor/specifications/fog-powerdns-0.1.1.gemspec
I, [2017-05-15T12:27:14.563328 #11523]  INFO -- : 0:  fog-profitbricks (3.0.0) from /home/akash/Desktop/projects/fcm_messaging/vendor/specifications/fog-profitbricks-3.0.0.gemspec
I, [2017-05-15T12:27:14.563712 #11523]  INFO -- : 0:  fog-rackspace (0.1.5) from /home/akash/Desktop/projects/fcm_messaging/vendor/specifications/fog-rackspace-0.1.5.gemspec
I, [2017-05-15T12:27:14.564096 #11523]  INFO -- : 0:  fog-radosgw (0.0.5) from /home/akash/Desktop/projects/fcm_messaging/vendor/specifications/fog-radosgw-0.0.5.gemspec
I, [2017-05-15T12:27:14.564462 #11523]  INFO -- : 0:  fog-riakcs (0.1.0) from /home/akash/Desktop/projects/fcm_messaging/vendor/specifications/fog-riakcs-0.1.0.gemspec
I, [2017-05-15T12:27:14.564816 #11523]  INFO -- : 0:  fog-sakuracloud (1.7.5) from /home/akash/Desktop/projects/fcm_messaging/vendor/specifications/fog-sakuracloud-1.7.5.gemspec
I, [2017-05-15T12:27:14.565172 #11523]  INFO -- : 0:  fog-serverlove (0.1.2) from /home/akash/Desktop/projects/fcm_messaging/vendor/specifications/fog-serverlove-0.1.2.gemspec
I, [2017-05-15T12:27:14.565527 #11523]  INFO -- : 0:  fog-softlayer (1.1.4) from /home/akash/Desktop/projects/fcm_messaging/vendor/specifications/fog-softlayer-1.1.4.gemspec
I, [2017-05-15T12:27:14.565917 #11523]  INFO -- : 0:  fog-storm_on_demand (0.1.1) from /home/akash/Desktop/projects/fcm_messaging/vendor/specifications/fog-storm_on_demand-0.1.1.gemspec
I, [2017-05-15T12:27:14.566321 #11523]  INFO -- : 0:  fog-terremark (0.1.0) from /home/akash/Desktop/projects/fcm_messaging/vendor/specifications/fog-terremark-0.1.0.gemspec
I, [2017-05-15T12:27:14.566737 #11523]  INFO -- : 0:  fog-vmfusion (0.1.0) from /home/akash/Desktop/projects/fcm_messaging/vendor/specifications/fog-vmfusion-0.1.0.gemspec
I, [2017-05-15T12:27:14.567981 #11523]  INFO -- : 0:  fog-voxel (0.1.0) from /home/akash/Desktop/projects/fcm_messaging/vendor/specifications/fog-voxel-0.1.0.gemspec
I, [2017-05-15T12:27:14.568424 #11523]  INFO -- : 0:  trollop (2.1.2) from /home/akash/Desktop/projects/fcm_messaging/vendor/specifications/trollop-2.1.2.gemspec
I, [2017-05-15T12:27:14.568777 #11523]  INFO -- : 0:  rbvmomi (1.11.2) from /home/akash/Desktop/projects/fcm_messaging/vendor/specifications/rbvmomi-1.11.2.gemspec
I, [2017-05-15T12:27:14.569132 #11523]  INFO -- : 0:  fog-vsphere (1.9.1) from /home/akash/Desktop/projects/fcm_messaging/vendor/specifications/fog-vsphere-1.9.1.gemspec
I, [2017-05-15T12:27:14.569477 #11523]  INFO -- : 0:  fog-xenserver (0.3.0) from /home/akash/Desktop/projects/fcm_messaging/vendor/specifications/fog-xenserver-0.3.0.gemspec
I, [2017-05-15T12:27:14.569828 #11523]  INFO -- : 0:  fog (1.40.0) from /home/akash/Desktop/projects/fcm_messaging/vendor/specifications/fog-1.40.0.gemspec
I, [2017-05-15T12:27:14.570130 #11523]  INFO -- : 0:  font-awesome-rails (4.7.0.2) from /home/akash/Desktop/projects/fcm_messaging/vendor/specifications/font-awesome-rails-4.7.0.2.gemspec
I, [2017-05-15T12:27:14.570406 #11523]  INFO -- : 0:  temple (0.8.0) from /home/akash/Desktop/projects/fcm_messaging/vendor/specifications/temple-0.8.0.gemspec
I, [2017-05-15T12:27:14.570678 #11523]  INFO -- : 0:  tilt (1.4.1) from /home/akash/Desktop/projects/fcm_messaging/vendor/specifications/tilt-1.4.1.gemspec
I, [2017-05-15T12:27:14.570948 #11523]  INFO -- : 0:  haml (5.0.1) from /home/akash/Desktop/projects/fcm_messaging/vendor/specifications/haml-5.0.1.gemspec
I, [2017-05-15T12:27:15.084639 #11523]  INFO -- : 0:  sexp_processor (4.9.0) from /home/akash/Desktop/projects/fcm_messaging/vendor/specifications/sexp_processor-4.9.0.gemspec
I, [2017-05-15T12:27:16.027420 #11523]  INFO -- : 0:  ruby_parser (3.9.0) from /home/akash/Desktop/projects/fcm_messaging/vendor/specifications/ruby_parser-3.9.0.gemspec
I, [2017-05-15T12:27:16.470261 #11523]  INFO -- : 0:  html2haml (2.2.0) from /home/akash/Desktop/projects/fcm_messaging/vendor/specifications/html2haml-2.2.0.gemspec
I, [2017-05-15T12:27:16.925385 #11523]  INFO -- : 0:  haml-rails (1.0.0) from /home/akash/Desktop/projects/fcm_messaging/vendor/specifications/haml-rails-1.0.0.gemspec
I, [2017-05-15T12:27:16.925826 #11523]  INFO -- : 0:  hike (1.2.3) from /home/akash/Desktop/projects/fcm_messaging/vendor/specifications/hike-1.2.3.gemspec
I, [2017-05-15T12:27:16.926092 #11523]  INFO -- : 0:  jbuilder (2.6.3) from /home/akash/Desktop/projects/fcm_messaging/vendor/specifications/jbuilder-2.6.3.gemspec
I, [2017-05-15T12:27:16.926314 #11523]  INFO -- : 0:  jquery-rails (3.1.4) from /home/akash/Desktop/projects/fcm_messaging/vendor/specifications/jquery-rails-3.1.4.gemspec
I, [2017-05-15T12:27:16.926536 #11523]  INFO -- : 0:  jquery-ui-rails (5.0.5) from /home/akash/Desktop/projects/fcm_messaging/vendor/specifications/jquery-ui-rails-5.0.5.gemspec
I, [2017-05-15T12:27:16.926757 #11523]  INFO -- : 0:  kaminari-core (1.0.1) from /home/akash/Desktop/projects/fcm_messaging/vendor/specifications/kaminari-core-1.0.1.gemspec
I, [2017-05-15T12:27:16.926978 #11523]  INFO -- : 0:  kaminari-actionview (1.0.1) from /home/akash/Desktop/projects/fcm_messaging/vendor/specifications/kaminari-actionview-1.0.1.gemspec
I, [2017-05-15T12:27:16.927193 #11523]  INFO -- : 0:  kaminari-activerecord (1.0.1) from /home/akash/Desktop/projects/fcm_messaging/vendor/specifications/kaminari-activerecord-1.0.1.gemspec
I, [2017-05-15T12:27:16.927419 #11523]  INFO -- : 0:  kaminari (1.0.1) from /home/akash/Desktop/projects/fcm_messaging/vendor/specifications/kaminari-1.0.1.gemspec
I, [2017-05-15T12:27:16.927635 #11523]  INFO -- : 0:  mini_magick (4.7.0) from /home/akash/Desktop/projects/fcm_messaging/vendor/specifications/mini_magick-4.7.0.gemspec
I, [2017-05-15T12:27:16.927848 #11523]  INFO -- : 0:  nested_form (0.3.2) from /home/akash/Desktop/projects/fcm_messaging/vendor/specifications/nested_form-0.3.2.gemspec
I, [2017-05-15T12:27:16.928060 #11523]  INFO -- : 0:  rack-pjax (1.0.0) from /home/akash/Desktop/projects/fcm_messaging/vendor/specifications/rack-pjax-1.0.0.gemspec
I, [2017-05-15T12:27:16.928300 #11523]  INFO -- : 0:  sprockets (2.12.4) from /home/akash/Desktop/projects/fcm_messaging/vendor/specifications/sprockets-2.12.4.gemspec
I, [2017-05-15T12:27:16.928527 #11523]  INFO -- : 0:  sprockets-rails (2.3.3) from /home/akash/Desktop/projects/fcm_messaging/vendor/specifications/sprockets-rails-2.3.3.gemspec
I, [2017-05-15T12:27:16.928762 #11523]  INFO -- : 0:  rails (4.1.11) from /home/akash/Desktop/projects/fcm_messaging/vendor/specifications/rails-4.1.11.gemspec
I, [2017-05-15T12:27:16.945461 #11523]  INFO -- : 0:  remotipart (1.3.1) from /home/akash/Desktop/projects/fcm_messaging/vendor/bundler/gems/remotipart-cd653ddc43bb/remotipart.gemspec
I, [2017-05-15T12:27:16.945802 #11523]  INFO -- : 0:  sass (3.2.19) from /home/akash/Desktop/projects/fcm_messaging/vendor/specifications/sass-3.2.19.gemspec
I, [2017-05-15T12:27:16.946069 #11523]  INFO -- : 0:  sass-rails (4.0.5) from /home/akash/Desktop/projects/fcm_messaging/vendor/specifications/sass-rails-4.0.5.gemspec
I, [2017-05-15T12:27:17.184547 #11523]  INFO -- : 0:  rails_admin (1.1.1) from /home/akash/Desktop/projects/fcm_messaging/vendor/bundler/gems/rails_admin-2ec766e80487/rails_admin.gemspec
I, [2017-05-15T12:27:17.184964 #11523]  INFO -- : 0:  rails_admin_rollincode (1.2.1) from /home/akash/Desktop/projects/fcm_messaging/vendor/specifications/rails_admin_rollincode-1.2.1.gemspec
I, [2017-05-15T12:27:17.185304 #11523]  INFO -- : 0:  rdoc (4.3.0) from /home/akash/Desktop/projects/fcm_messaging/vendor/specifications/rdoc-4.3.0.gemspec
I, [2017-05-15T12:27:17.185591 #11523]  INFO -- : 0:  sdoc (0.4.2) from /home/akash/Desktop/projects/fcm_messaging/vendor/specifications/sdoc-0.4.2.gemspec
I, [2017-05-15T12:27:17.185894 #11523]  INFO -- : 0:  spring (1.7.2) from /home/akash/Desktop/projects/fcm_messaging/vendor/specifications/spring-1.7.2.gemspec
I, [2017-05-15T12:27:17.186356 #11523]  INFO -- : 0:  sqlite3 (1.3.13) from /home/akash/Desktop/projects/fcm_messaging/vendor/specifications/sqlite3-1.3.13.gemspec
I, [2017-05-15T12:27:17.186662 #11523]  INFO -- : 0:  turbolinks-source (5.0.3) from /home/akash/Desktop/projects/fcm_messaging/vendor/specifications/turbolinks-source-5.0.3.gemspec
I, [2017-05-15T12:27:17.186938 #11523]  INFO -- : 0:  turbolinks (5.0.1) from /home/akash/Desktop/projects/fcm_messaging/vendor/specifications/turbolinks-5.0.1.gemspec
I, [2017-05-15T12:27:17.187225 #11523]  INFO -- : 0:  uglifier (3.2.0) from /home/akash/Desktop/projects/fcm_messaging/vendor/specifications/uglifier-3.2.0.gemspec
I, [2017-05-17T16:48:48.867269 #17401]  INFO -- : 0:  rake (12.0.0) from /home/akash/Desktop/projects/fcm_messaging/vendor/specifications/rake-12.0.0.gemspec
I, [2017-05-17T16:48:48.893412 #17401]  INFO -- : 0:  CFPropertyList (2.3.5) from /home/akash/Desktop/projects/fcm_messaging/vendor/specifications/CFPropertyList-2.3.5.gemspec
I, [2017-05-17T16:48:48.894612 #17401]  INFO -- : 0:  i18n (0.8.1) from /home/akash/Desktop/projects/fcm_messaging/vendor/specifications/i18n-0.8.1.gemspec
I, [2017-05-17T16:48:48.895854 #17401]  INFO -- : 0:  json (1.8.6) from /home/akash/Desktop/projects/fcm_messaging/vendor/specifications/json-1.8.6.gemspec
I, [2017-05-17T16:48:48.897256 #17401]  INFO -- : 0:  minitest (5.10.1) from /home/akash/Desktop/projects/fcm_messaging/vendor/specifications/minitest-5.10.1.gemspec
I, [2017-05-17T16:48:48.898123 #17401]  INFO -- : 0:  thread_safe (0.3.6) from /home/akash/Desktop/projects/fcm_messaging/vendor/specifications/thread_safe-0.3.6.gemspec
I, [2017-05-17T16:48:48.898994 #17401]  INFO -- : 0:  tzinfo (1.2.3) from /home/akash/Desktop/projects/fcm_messaging/vendor/specifications/tzinfo-1.2.3.gemspec
I, [2017-05-17T16:48:48.899622 #17401]  INFO -- : 0:  activesupport (4.1.11) from /home/akash/Desktop/projects/fcm_messaging/vendor/specifications/activesupport-4.1.11.gemspec
I, [2017-05-17T16:48:48.900027 #17401]  INFO -- : 0:  builder (3.2.3) from /home/akash/Desktop/projects/fcm_messaging/vendor/specifications/builder-3.2.3.gemspec
I, [2017-05-17T16:48:48.900353 #17401]  INFO -- : 0:  erubis (2.7.0) from /home/akash/Desktop/projects/fcm_messaging/vendor/specifications/erubis-2.7.0.gemspec
I, [2017-05-17T16:48:48.900648 #17401]  INFO -- : 0:  actionview (4.1.11) from /home/akash/Desktop/projects/fcm_messaging/vendor/specifications/actionview-4.1.11.gemspec
I, [2017-05-17T16:48:48.900954 #17401]  INFO -- : 0:  rack (1.5.5) from /home/akash/Desktop/projects/fcm_messaging/vendor/specifications/rack-1.5.5.gemspec
I, [2017-05-17T16:48:48.901305 #17401]  INFO -- : 0:  rack-test (0.6.3) from /home/akash/Desktop/projects/fcm_messaging/vendor/specifications/rack-test-0.6.3.gemspec
I, [2017-05-17T16:48:48.901600 #17401]  INFO -- : 0:  actionpack (4.1.11) from /home/akash/Desktop/projects/fcm_messaging/vendor/specifications/actionpack-4.1.11.gemspec
I, [2017-05-17T16:48:48.901826 #17401]  INFO -- : 0:  mime-types-data (3.2016.0521) from /home/akash/Desktop/projects/fcm_messaging/vendor/specifications/mime-types-data-3.2016.0521.gemspec
I, [2017-05-17T16:48:48.902048 #17401]  INFO -- : 0:  mime-types (3.1) from /home/akash/Desktop/projects/fcm_messaging/vendor/specifications/mime-types-3.1.gemspec
I, [2017-05-17T16:48:48.902368 #17401]  INFO -- : 0:  mail (2.6.5) from /home/akash/Desktop/projects/fcm_messaging/vendor/specifications/mail-2.6.5.gemspec
I, [2017-05-17T16:48:48.902677 #17401]  INFO -- : 0:  actionmailer (4.1.11) from /home/akash/Desktop/projects/fcm_messaging/vendor/specifications/actionmailer-4.1.11.gemspec
I, [2017-05-17T16:48:48.903023 #17401]  INFO -- : 0:  activemodel (4.1.11) from /home/akash/Desktop/projects/fcm_messaging/vendor/specifications/activemodel-4.1.11.gemspec
I, [2017-05-17T16:48:48.903431 #17401]  INFO -- : 0:  arel (5.0.1.20140414130214) from /home/akash/Desktop/projects/fcm_messaging/vendor/specifications/arel-5.0.1.20140414130214.gemspec
I, [2017-05-17T16:48:48.904348 #17401]  INFO -- : 0:  activerecord (4.1.11) from /home/akash/Desktop/projects/fcm_messaging/vendor/specifications/activerecord-4.1.11.gemspec
I, [2017-05-17T16:48:48.905503 #17401]  INFO -- : 0:  bcrypt (3.1.11) from /home/akash/Desktop/projects/fcm_messaging/vendor/specifications/bcrypt-3.1.11.gemspec
I, [2017-05-17T16:48:48.905813 #17401]  INFO -- : 0:  bundler (1.5.1) from /home/akash/.rbenv/versions/2.1.5/lib/ruby/gems/2.1.0/gems/bundler-1.5.1/lib/bundler/source
I, [2017-05-17T16:48:48.906044 #17401]  INFO -- : 0:  carrierwave (1.1.0) from /home/akash/Desktop/projects/fcm_messaging/vendor/specifications/carrierwave-1.1.0.gemspec
I, [2017-05-17T16:48:48.906292 #17401]  INFO -- : 0:  coffee-script-source (1.12.2) from /home/akash/Desktop/projects/fcm_messaging/vendor/specifications/coffee-script-source-1.12.2.gemspec
I, [2017-05-17T16:48:48.906519 #17401]  INFO -- : 0:  execjs (2.7.0) from /home/akash/Desktop/projects/fcm_messaging/vendor/specifications/execjs-2.7.0.gemspec
I, [2017-05-17T16:48:48.906793 #17401]  INFO -- : 0:  coffee-script (2.4.1) from /home/akash/Desktop/projects/fcm_messaging/vendor/specifications/coffee-script-2.4.1.gemspec
I, [2017-05-17T16:48:48.907026 #17401]  INFO -- : 0:  thor (0.19.4) from /home/akash/Desktop/projects/fcm_messaging/vendor/specifications/thor-0.19.4.gemspec
I, [2017-05-17T16:48:48.907272 #17401]  INFO -- : 0:  railties (4.1.11) from /home/akash/Desktop/projects/fcm_messaging/vendor/specifications/railties-4.1.11.gemspec
I, [2017-05-17T16:48:48.907481 #17401]  INFO -- : 0:  coffee-rails (4.0.1) from /home/akash/Desktop/projects/fcm_messaging/vendor/specifications/coffee-rails-4.0.1.gemspec
I, [2017-05-17T16:48:48.907702 #17401]  INFO -- : 0:  orm_adapter (0.5.0) from /home/akash/Desktop/projects/fcm_messaging/vendor/specifications/orm_adapter-0.5.0.gemspec
I, [2017-05-17T16:48:48.907904 #17401]  INFO -- : 0:  responders (1.1.2) from /home/akash/Desktop/projects/fcm_messaging/vendor/specifications/responders-1.1.2.gemspec
I, [2017-05-17T16:48:48.908119 #17401]  INFO -- : 0:  warden (1.2.7) from /home/akash/Desktop/projects/fcm_messaging/vendor/specifications/warden-1.2.7.gemspec
I, [2017-05-17T16:48:48.908323 #17401]  INFO -- : 0:  devise (4.3.0) from /home/akash/Desktop/projects/fcm_messaging/vendor/specifications/devise-4.3.0.gemspec
I, [2017-05-17T16:48:49.568912 #17401]  INFO -- : 0:  diff-lcs (1.3) from /home/akash/Desktop/projects/fcm_messaging/vendor/specifications/diff-lcs-1.3.gemspec
I, [2017-05-17T16:48:49.569993 #17401]  INFO -- : 0:  excon (0.55.0) from /home/akash/Desktop/projects/fcm_messaging/vendor/specifications/excon-0.55.0.gemspec
I, [2017-05-17T16:48:49.570774 #17401]  INFO -- : 0:  fission (0.5.0) from /home/akash/Desktop/projects/fcm_messaging/vendor/specifications/fission-0.5.0.gemspec
I, [2017-05-17T16:48:49.571470 #17401]  INFO -- : 0:  formatador (0.2.5) from /home/akash/Desktop/projects/fcm_messaging/vendor/specifications/formatador-0.2.5.gemspec
I, [2017-05-17T16:48:49.572153 #17401]  INFO -- : 0:  fog-core (1.44.1) from /home/akash/Desktop/projects/fcm_messaging/vendor/specifications/fog-core-1.44.1.gemspec
I, [2017-05-17T16:48:49.572824 #17401]  INFO -- : 0:  multi_json (1.12.1) from /home/akash/Desktop/projects/fcm_messaging/vendor/specifications/multi_json-1.12.1.gemspec
I, [2017-05-17T16:48:49.573572 #17401]  INFO -- : 0:  fog-json (1.0.2) from /home/akash/Desktop/projects/fcm_messaging/vendor/specifications/fog-json-1.0.2.gemspec
I, [2017-05-17T16:48:49.574263 #17401]  INFO -- : 0:  ipaddress (0.8.3) from /home/akash/Desktop/projects/fcm_messaging/vendor/specifications/ipaddress-0.8.3.gemspec
I, [2017-05-17T16:48:49.575010 #17401]  INFO -- : 0:  xml-simple (1.1.5) from /home/akash/Desktop/projects/fcm_messaging/vendor/specifications/xml-simple-1.1.5.gemspec
I, [2017-05-17T16:48:49.575720 #17401]  INFO -- : 0:  fog-aliyun (0.1.0) from /home/akash/Desktop/projects/fcm_messaging/vendor/specifications/fog-aliyun-0.1.0.gemspec
I, [2017-05-17T16:48:49.576420 #17401]  INFO -- : 0:  mini_portile2 (2.1.0) from /home/akash/Desktop/projects/fcm_messaging/vendor/specifications/mini_portile2-2.1.0.gemspec
I, [2017-05-17T16:48:49.577152 #17401]  INFO -- : 0:  nokogiri (1.7.1) from /home/akash/Desktop/projects/fcm_messaging/vendor/specifications/nokogiri-1.7.1.gemspec
I, [2017-05-17T16:48:49.577881 #17401]  INFO -- : 0:  fog-xml (0.1.3) from /home/akash/Desktop/projects/fcm_messaging/vendor/specifications/fog-xml-0.1.3.gemspec
I, [2017-05-17T16:48:49.578653 #17401]  INFO -- : 0:  fog-atmos (0.1.0) from /home/akash/Desktop/projects/fcm_messaging/vendor/specifications/fog-atmos-0.1.0.gemspec
I, [2017-05-17T16:48:49.579378 #17401]  INFO -- : 0:  fog-aws (1.3.0) from /home/akash/Desktop/projects/fcm_messaging/vendor/specifications/fog-aws-1.3.0.gemspec
I, [2017-05-17T16:48:49.580124 #17401]  INFO -- : 0:  inflecto (0.0.2) from /home/akash/Desktop/projects/fcm_messaging/vendor/specifications/inflecto-0.0.2.gemspec
I, [2017-05-17T16:48:49.580786 #17401]  INFO -- : 0:  fog-brightbox (0.11.0) from /home/akash/Desktop/projects/fcm_messaging/vendor/specifications/fog-brightbox-0.11.0.gemspec
I, [2017-05-17T16:48:49.581639 #17401]  INFO -- : 0:  fog-cloudatcost (0.1.2) from /home/akash/Desktop/projects/fcm_messaging/vendor/specifications/fog-cloudatcost-0.1.2.gemspec
I, [2017-05-17T16:48:49.582319 #17401]  INFO -- : 0:  fog-digitalocean (0.3.0) from /home/akash/Desktop/projects/fcm_messaging/vendor/specifications/fog-digitalocean-0.3.0.gemspec
I, [2017-05-17T16:48:49.582999 #17401]  INFO -- : 0:  fog-dnsimple (1.0.0) from /home/akash/Desktop/projects/fcm_messaging/vendor/specifications/fog-dnsimple-1.0.0.gemspec
I, [2017-05-17T16:48:49.583909 #17401]  INFO -- : 0:  fog-dynect (0.0.3) from /home/akash/Desktop/projects/fcm_messaging/vendor/specifications/fog-dynect-0.0.3.gemspec
I, [2017-05-17T16:48:49.584751 #17401]  INFO -- : 0:  fog-ecloud (0.3.0) from /home/akash/Desktop/projects/fcm_messaging/vendor/specifications/fog-ecloud-0.3.0.gemspec
I, [2017-05-17T16:48:49.585579 #17401]  INFO -- : 0:  fog-google (0.1.0) from /home/akash/Desktop/projects/fcm_messaging/vendor/specifications/fog-google-0.1.0.gemspec
I, [2017-05-17T16:48:49.586357 #17401]  INFO -- : 0:  fog-local (0.3.1) from /home/akash/Desktop/projects/fcm_messaging/vendor/specifications/fog-local-0.3.1.gemspec
I, [2017-05-17T16:48:49.592853 #17401]  INFO -- : 0:  fog-openstack (0.1.20) from /home/akash/Desktop/projects/fcm_messaging/vendor/specifications/fog-openstack-0.1.20.gemspec
I, [2017-05-17T16:48:49.593596 #17401]  INFO -- : 0:  fog-powerdns (0.1.1) from /home/akash/Desktop/projects/fcm_messaging/vendor/specifications/fog-powerdns-0.1.1.gemspec
I, [2017-05-17T16:48:49.594300 #17401]  INFO -- : 0:  fog-profitbricks (3.0.0) from /home/akash/Desktop/projects/fcm_messaging/vendor/specifications/fog-profitbricks-3.0.0.gemspec
I, [2017-05-17T16:48:49.594947 #17401]  INFO -- : 0:  fog-rackspace (0.1.5) from /home/akash/Desktop/projects/fcm_messaging/vendor/specifications/fog-rackspace-0.1.5.gemspec
I, [2017-05-17T16:48:49.595579 #17401]  INFO -- : 0:  fog-radosgw (0.0.5) from /home/akash/Desktop/projects/fcm_messaging/vendor/specifications/fog-radosgw-0.0.5.gemspec
I, [2017-05-17T16:48:49.596101 #17401]  INFO -- : 0:  fog-riakcs (0.1.0) from /home/akash/Desktop/projects/fcm_messaging/vendor/specifications/fog-riakcs-0.1.0.gemspec
I, [2017-05-17T16:48:49.596541 #17401]  INFO -- : 0:  fog-sakuracloud (1.7.5) from /home/akash/Desktop/projects/fcm_messaging/vendor/specifications/fog-sakuracloud-1.7.5.gemspec
I, [2017-05-17T16:48:49.596960 #17401]  INFO -- : 0:  fog-serverlove (0.1.2) from /home/akash/Desktop/projects/fcm_messaging/vendor/specifications/fog-serverlove-0.1.2.gemspec
I, [2017-05-17T16:48:49.597375 #17401]  INFO -- : 0:  fog-softlayer (1.1.4) from /home/akash/Desktop/projects/fcm_messaging/vendor/specifications/fog-softlayer-1.1.4.gemspec
I, [2017-05-17T16:48:49.597792 #17401]  INFO -- : 0:  fog-storm_on_demand (0.1.1) from /home/akash/Desktop/projects/fcm_messaging/vendor/specifications/fog-storm_on_demand-0.1.1.gemspec
I, [2017-05-17T16:48:49.598244 #17401]  INFO -- : 0:  fog-terremark (0.1.0) from /home/akash/Desktop/projects/fcm_messaging/vendor/specifications/fog-terremark-0.1.0.gemspec
I, [2017-05-17T16:48:49.598670 #17401]  INFO -- : 0:  fog-vmfusion (0.1.0) from /home/akash/Desktop/projects/fcm_messaging/vendor/specifications/fog-vmfusion-0.1.0.gemspec
I, [2017-05-17T16:48:49.599090 #17401]  INFO -- : 0:  fog-voxel (0.1.0) from /home/akash/Desktop/projects/fcm_messaging/vendor/specifications/fog-voxel-0.1.0.gemspec
I, [2017-05-17T16:48:49.599569 #17401]  INFO -- : 0:  trollop (2.1.2) from /home/akash/Desktop/projects/fcm_messaging/vendor/specifications/trollop-2.1.2.gemspec
I, [2017-05-17T16:48:49.599989 #17401]  INFO -- : 0:  rbvmomi (1.11.2) from /home/akash/Desktop/projects/fcm_messaging/vendor/specifications/rbvmomi-1.11.2.gemspec
I, [2017-05-17T16:48:49.600418 #17401]  INFO -- : 0:  fog-vsphere (1.9.1) from /home/akash/Desktop/projects/fcm_messaging/vendor/specifications/fog-vsphere-1.9.1.gemspec
I, [2017-05-17T16:48:49.600830 #17401]  INFO -- : 0:  fog-xenserver (0.3.0) from /home/akash/Desktop/projects/fcm_messaging/vendor/specifications/fog-xenserver-0.3.0.gemspec
I, [2017-05-17T16:48:49.601150 #17401]  INFO -- : 0:  fog (1.40.0) from /home/akash/Desktop/projects/fcm_messaging/vendor/specifications/fog-1.40.0.gemspec
I, [2017-05-17T16:48:49.601463 #17401]  INFO -- : 0:  font-awesome-rails (4.7.0.2) from /home/akash/Desktop/projects/fcm_messaging/vendor/specifications/font-awesome-rails-4.7.0.2.gemspec
I, [2017-05-17T16:48:49.601768 #17401]  INFO -- : 0:  temple (0.8.0) from /home/akash/Desktop/projects/fcm_messaging/vendor/specifications/temple-0.8.0.gemspec
I, [2017-05-17T16:48:49.602067 #17401]  INFO -- : 0:  tilt (1.4.1) from /home/akash/Desktop/projects/fcm_messaging/vendor/specifications/tilt-1.4.1.gemspec
I, [2017-05-17T16:48:49.602385 #17401]  INFO -- : 0:  haml (5.0.1) from /home/akash/Desktop/projects/fcm_messaging/vendor/specifications/haml-5.0.1.gemspec
I, [2017-05-17T16:48:49.602682 #17401]  INFO -- : 0:  sexp_processor (4.9.0) from /home/akash/Desktop/projects/fcm_messaging/vendor/specifications/sexp_processor-4.9.0.gemspec
I, [2017-05-17T16:48:49.602997 #17401]  INFO -- : 0:  ruby_parser (3.9.0) from /home/akash/Desktop/projects/fcm_messaging/vendor/specifications/ruby_parser-3.9.0.gemspec
I, [2017-05-17T16:48:49.603316 #17401]  INFO -- : 0:  html2haml (2.2.0) from /home/akash/Desktop/projects/fcm_messaging/vendor/specifications/html2haml-2.2.0.gemspec
I, [2017-05-17T16:48:49.603625 #17401]  INFO -- : 0:  haml-rails (1.0.0) from /home/akash/Desktop/projects/fcm_messaging/vendor/specifications/haml-rails-1.0.0.gemspec
I, [2017-05-17T16:48:49.603931 #17401]  INFO -- : 0:  hike (1.2.3) from /home/akash/Desktop/projects/fcm_messaging/vendor/specifications/hike-1.2.3.gemspec
I, [2017-05-17T16:48:49.604251 #17401]  INFO -- : 0:  jbuilder (2.6.3) from /home/akash/Desktop/projects/fcm_messaging/vendor/specifications/jbuilder-2.6.3.gemspec
I, [2017-05-17T16:48:49.604649 #17401]  INFO -- : 0:  jquery-rails (3.1.4) from /home/akash/Desktop/projects/fcm_messaging/vendor/specifications/jquery-rails-3.1.4.gemspec
I, [2017-05-17T16:48:49.605231 #17401]  INFO -- : 0:  jquery-ui-rails (5.0.5) from /home/akash/Desktop/projects/fcm_messaging/vendor/specifications/jquery-ui-rails-5.0.5.gemspec
I, [2017-05-17T16:48:49.605690 #17401]  INFO -- : 0:  kaminari-core (1.0.1) from /home/akash/Desktop/projects/fcm_messaging/vendor/specifications/kaminari-core-1.0.1.gemspec
I, [2017-05-17T16:48:49.606022 #17401]  INFO -- : 0:  kaminari-actionview (1.0.1) from /home/akash/Desktop/projects/fcm_messaging/vendor/specifications/kaminari-actionview-1.0.1.gemspec
I, [2017-05-17T16:48:49.606416 #17401]  INFO -- : 0:  kaminari-activerecord (1.0.1) from /home/akash/Desktop/projects/fcm_messaging/vendor/specifications/kaminari-activerecord-1.0.1.gemspec
I, [2017-05-17T16:48:49.606809 #17401]  INFO -- : 0:  kaminari (1.0.1) from /home/akash/Desktop/projects/fcm_messaging/vendor/specifications/kaminari-1.0.1.gemspec
I, [2017-05-17T16:48:49.607256 #17401]  INFO -- : 0:  mini_magick (4.7.0) from /home/akash/Desktop/projects/fcm_messaging/vendor/specifications/mini_magick-4.7.0.gemspec
I, [2017-05-17T16:48:49.607740 #17401]  INFO -- : 0:  nested_form (0.3.2) from /home/akash/Desktop/projects/fcm_messaging/vendor/specifications/nested_form-0.3.2.gemspec
I, [2017-05-17T16:48:49.608175 #17401]  INFO -- : 0:  rack-pjax (1.0.0) from /home/akash/Desktop/projects/fcm_messaging/vendor/specifications/rack-pjax-1.0.0.gemspec
I, [2017-05-17T16:48:49.608611 #17401]  INFO -- : 0:  sprockets (2.12.4) from /home/akash/Desktop/projects/fcm_messaging/vendor/specifications/sprockets-2.12.4.gemspec
I, [2017-05-17T16:48:49.609835 #17401]  INFO -- : 0:  sprockets-rails (2.3.3) from /home/akash/Desktop/projects/fcm_messaging/vendor/specifications/sprockets-rails-2.3.3.gemspec
I, [2017-05-17T16:48:49.610740 #17401]  INFO -- : 0:  rails (4.1.11) from /home/akash/Desktop/projects/fcm_messaging/vendor/specifications/rails-4.1.11.gemspec
I, [2017-05-17T16:48:49.688223 #17401]  INFO -- : 0:  remotipart (1.3.1) from /home/akash/Desktop/projects/fcm_messaging/vendor/bundler/gems/remotipart-cd653ddc43bb/remotipart.gemspec
I, [2017-05-17T16:48:49.689075 #17401]  INFO -- : 0:  sass (3.2.19) from /home/akash/Desktop/projects/fcm_messaging/vendor/specifications/sass-3.2.19.gemspec
I, [2017-05-17T16:48:49.689780 #17401]  INFO -- : 0:  sass-rails (4.0.5) from /home/akash/Desktop/projects/fcm_messaging/vendor/specifications/sass-rails-4.0.5.gemspec
I, [2017-05-17T16:48:50.073836 #17401]  INFO -- : 0:  rails_admin (1.1.1) from /home/akash/Desktop/projects/fcm_messaging/vendor/bundler/gems/rails_admin-2ec766e80487/rails_admin.gemspec
I, [2017-05-17T16:48:50.074201 #17401]  INFO -- : 0:  rails_admin_rollincode (1.2.1) from /home/akash/Desktop/projects/fcm_messaging/vendor/specifications/rails_admin_rollincode-1.2.1.gemspec
I, [2017-05-17T16:48:50.074489 #17401]  INFO -- : 0:  rdoc (4.3.0) from /home/akash/Desktop/projects/fcm_messaging/vendor/specifications/rdoc-4.3.0.gemspec
I, [2017-05-17T16:48:50.567797 #17401]  INFO -- : 0:  rspec-support (3.6.0) from /home/akash/Desktop/projects/fcm_messaging/vendor/specifications/rspec-support-3.6.0.gemspec
I, [2017-05-17T16:48:51.231873 #17401]  INFO -- : 0:  rspec-core (3.6.0) from /home/akash/Desktop/projects/fcm_messaging/vendor/specifications/rspec-core-3.6.0.gemspec
I, [2017-05-17T16:48:51.775407 #17401]  INFO -- : 0:  rspec-expectations (3.6.0) from /home/akash/Desktop/projects/fcm_messaging/vendor/specifications/rspec-expectations-3.6.0.gemspec
I, [2017-05-17T16:48:52.375957 #17401]  INFO -- : 0:  rspec-mocks (3.6.0) from /home/akash/Desktop/projects/fcm_messaging/vendor/specifications/rspec-mocks-3.6.0.gemspec
I, [2017-05-17T16:48:52.953417 #17401]  INFO -- : 0:  rspec-rails (3.6.0) from /home/akash/Desktop/projects/fcm_messaging/vendor/specifications/rspec-rails-3.6.0.gemspec
I, [2017-05-17T16:48:52.953923 #17401]  INFO -- : 0:  sdoc (0.4.2) from /home/akash/Desktop/projects/fcm_messaging/vendor/specifications/sdoc-0.4.2.gemspec
I, [2017-05-17T16:48:52.954188 #17401]  INFO -- : 0:  spring (1.7.2) from /home/akash/Desktop/projects/fcm_messaging/vendor/specifications/spring-1.7.2.gemspec
I, [2017-05-17T16:48:52.954417 #17401]  INFO -- : 0:  sqlite3 (1.3.13) from /home/akash/Desktop/projects/fcm_messaging/vendor/specifications/sqlite3-1.3.13.gemspec
I, [2017-05-17T16:48:52.954651 #17401]  INFO -- : 0:  turbolinks-source (5.0.3) from /home/akash/Desktop/projects/fcm_messaging/vendor/specifications/turbolinks-source-5.0.3.gemspec
I, [2017-05-17T16:48:52.954867 #17401]  INFO -- : 0:  turbolinks (5.0.1) from /home/akash/Desktop/projects/fcm_messaging/vendor/specifications/turbolinks-5.0.1.gemspec
I, [2017-05-17T16:48:52.955094 #17401]  INFO -- : 0:  uglifier (3.2.0) from /home/akash/Desktop/projects/fcm_messaging/vendor/specifications/uglifier-3.2.0.gemspec
I, [2017-05-17T17:11:30.067479 #19236]  INFO -- : 0:  rake (12.0.0) from /home/akash/Desktop/projects/fcm_messaging/vendor/specifications/rake-12.0.0.gemspec
I, [2017-05-17T17:11:30.067923 #19236]  INFO -- : 0:  CFPropertyList (2.3.5) from /home/akash/Desktop/projects/fcm_messaging/vendor/specifications/CFPropertyList-2.3.5.gemspec
I, [2017-05-17T17:11:30.068280 #19236]  INFO -- : 0:  i18n (0.8.1) from /home/akash/Desktop/projects/fcm_messaging/vendor/specifications/i18n-0.8.1.gemspec
I, [2017-05-17T17:11:30.068629 #19236]  INFO -- : 0:  json (1.8.6) from /home/akash/Desktop/projects/fcm_messaging/vendor/specifications/json-1.8.6.gemspec
I, [2017-05-17T17:11:30.068899 #19236]  INFO -- : 0:  minitest (5.10.1) from /home/akash/Desktop/projects/fcm_messaging/vendor/specifications/minitest-5.10.1.gemspec
I, [2017-05-17T17:11:30.069202 #19236]  INFO -- : 0:  thread_safe (0.3.6) from /home/akash/Desktop/projects/fcm_messaging/vendor/specifications/thread_safe-0.3.6.gemspec
I, [2017-05-17T17:11:30.069487 #19236]  INFO -- : 0:  tzinfo (1.2.3) from /home/akash/Desktop/projects/fcm_messaging/vendor/specifications/tzinfo-1.2.3.gemspec
I, [2017-05-17T17:11:30.069763 #19236]  INFO -- : 0:  activesupport (4.1.11) from /home/akash/Desktop/projects/fcm_messaging/vendor/specifications/activesupport-4.1.11.gemspec
I, [2017-05-17T17:11:30.070020 #19236]  INFO -- : 0:  builder (3.2.3) from /home/akash/Desktop/projects/fcm_messaging/vendor/specifications/builder-3.2.3.gemspec
I, [2017-05-17T17:11:30.070283 #19236]  INFO -- : 0:  erubis (2.7.0) from /home/akash/Desktop/projects/fcm_messaging/vendor/specifications/erubis-2.7.0.gemspec
I, [2017-05-17T17:11:30.070500 #19236]  INFO -- : 0:  actionview (4.1.11) from /home/akash/Desktop/projects/fcm_messaging/vendor/specifications/actionview-4.1.11.gemspec
I, [2017-05-17T17:11:30.070706 #19236]  INFO -- : 0:  rack (1.5.5) from /home/akash/Desktop/projects/fcm_messaging/vendor/specifications/rack-1.5.5.gemspec
I, [2017-05-17T17:11:30.070937 #19236]  INFO -- : 0:  rack-test (0.6.3) from /home/akash/Desktop/projects/fcm_messaging/vendor/specifications/rack-test-0.6.3.gemspec
I, [2017-05-17T17:11:30.071161 #19236]  INFO -- : 0:  actionpack (4.1.11) from /home/akash/Desktop/projects/fcm_messaging/vendor/specifications/actionpack-4.1.11.gemspec
I, [2017-05-17T17:11:30.071385 #19236]  INFO -- : 0:  mime-types-data (3.2016.0521) from /home/akash/Desktop/projects/fcm_messaging/vendor/specifications/mime-types-data-3.2016.0521.gemspec
I, [2017-05-17T17:11:30.071808 #19236]  INFO -- : 0:  mime-types (3.1) from /home/akash/Desktop/projects/fcm_messaging/vendor/specifications/mime-types-3.1.gemspec
I, [2017-05-17T17:11:30.073064 #19236]  INFO -- : 0:  mail (2.6.5) from /home/akash/Desktop/projects/fcm_messaging/vendor/specifications/mail-2.6.5.gemspec
I, [2017-05-17T17:11:30.073534 #19236]  INFO -- : 0:  actionmailer (4.1.11) from /home/akash/Desktop/projects/fcm_messaging/vendor/specifications/actionmailer-4.1.11.gemspec
I, [2017-05-17T17:11:30.073742 #19236]  INFO -- : 0:  activemodel (4.1.11) from /home/akash/Desktop/projects/fcm_messaging/vendor/specifications/activemodel-4.1.11.gemspec
I, [2017-05-17T17:11:30.073930 #19236]  INFO -- : 0:  arel (5.0.1.20140414130214) from /home/akash/Desktop/projects/fcm_messaging/vendor/specifications/arel-5.0.1.20140414130214.gemspec
I, [2017-05-17T17:11:30.074120 #19236]  INFO -- : 0:  activerecord (4.1.11) from /home/akash/Desktop/projects/fcm_messaging/vendor/specifications/activerecord-4.1.11.gemspec
I, [2017-05-17T17:11:30.658355 #19236]  INFO -- : 0:  public_suffix (2.0.5) from /home/akash/Desktop/projects/fcm_messaging/vendor/specifications/public_suffix-2.0.5.gemspec
I, [2017-05-17T17:11:31.279401 #19236]  INFO -- : 0:  addressable (2.5.1) from /home/akash/Desktop/projects/fcm_messaging/vendor/specifications/addressable-2.5.1.gemspec
I, [2017-05-17T17:11:31.279856 #19236]  INFO -- : 0:  bcrypt (3.1.11) from /home/akash/Desktop/projects/fcm_messaging/vendor/specifications/bcrypt-3.1.11.gemspec
I, [2017-05-17T17:11:31.280140 #19236]  INFO -- : 0:  bundler (1.5.1) from /home/akash/.rbenv/versions/2.1.5/lib/ruby/gems/2.1.0/gems/bundler-1.5.1/lib/bundler/source
I, [2017-05-17T17:11:31.280400 #19236]  INFO -- : 0:  mini_portile2 (2.1.0) from /home/akash/Desktop/projects/fcm_messaging/vendor/specifications/mini_portile2-2.1.0.gemspec
I, [2017-05-17T17:11:31.280657 #19236]  INFO -- : 0:  nokogiri (1.7.1) from /home/akash/Desktop/projects/fcm_messaging/vendor/specifications/nokogiri-1.7.1.gemspec
I, [2017-05-17T17:11:31.733750 #19236]  INFO -- : 0:  xpath (2.0.0) from /home/akash/Desktop/projects/fcm_messaging/vendor/specifications/xpath-2.0.0.gemspec
I, [2017-05-17T17:11:32.479075 #19236]  INFO -- : 0:  capybara (2.14.0) from /home/akash/Desktop/projects/fcm_messaging/vendor/specifications/capybara-2.14.0.gemspec
I, [2017-05-17T17:11:32.479507 #19236]  INFO -- : 0:  carrierwave (1.1.0) from /home/akash/Desktop/projects/fcm_messaging/vendor/specifications/carrierwave-1.1.0.gemspec
I, [2017-05-17T17:11:32.479737 #19236]  INFO -- : 0:  coffee-script-source (1.12.2) from /home/akash/Desktop/projects/fcm_messaging/vendor/specifications/coffee-script-source-1.12.2.gemspec
I, [2017-05-17T17:11:32.479937 #19236]  INFO -- : 0:  execjs (2.7.0) from /home/akash/Desktop/projects/fcm_messaging/vendor/specifications/execjs-2.7.0.gemspec
I, [2017-05-17T17:11:32.480138 #19236]  INFO -- : 0:  coffee-script (2.4.1) from /home/akash/Desktop/projects/fcm_messaging/vendor/specifications/coffee-script-2.4.1.gemspec
I, [2017-05-17T17:11:32.480341 #19236]  INFO -- : 0:  thor (0.19.4) from /home/akash/Desktop/projects/fcm_messaging/vendor/specifications/thor-0.19.4.gemspec
I, [2017-05-17T17:11:32.480536 #19236]  INFO -- : 0:  railties (4.1.11) from /home/akash/Desktop/projects/fcm_messaging/vendor/specifications/railties-4.1.11.gemspec
I, [2017-05-17T17:11:32.480736 #19236]  INFO -- : 0:  coffee-rails (4.0.1) from /home/akash/Desktop/projects/fcm_messaging/vendor/specifications/coffee-rails-4.0.1.gemspec
I, [2017-05-17T17:11:33.057538 #19236]  INFO -- : 0:  database_cleaner (1.6.1) from /home/akash/Desktop/projects/fcm_messaging/vendor/specifications/database_cleaner-1.6.1.gemspec
I, [2017-05-17T17:11:33.057952 #19236]  INFO -- : 0:  orm_adapter (0.5.0) from /home/akash/Desktop/projects/fcm_messaging/vendor/specifications/orm_adapter-0.5.0.gemspec
I, [2017-05-17T17:11:33.058161 #19236]  INFO -- : 0:  responders (1.1.2) from /home/akash/Desktop/projects/fcm_messaging/vendor/specifications/responders-1.1.2.gemspec
I, [2017-05-17T17:11:33.058344 #19236]  INFO -- : 0:  warden (1.2.7) from /home/akash/Desktop/projects/fcm_messaging/vendor/specifications/warden-1.2.7.gemspec
I, [2017-05-17T17:11:33.058528 #19236]  INFO -- : 0:  devise (4.3.0) from /home/akash/Desktop/projects/fcm_messaging/vendor/specifications/devise-4.3.0.gemspec
I, [2017-05-17T17:11:33.058712 #19236]  INFO -- : 0:  diff-lcs (1.3) from /home/akash/Desktop/projects/fcm_messaging/vendor/specifications/diff-lcs-1.3.gemspec
I, [2017-05-17T17:11:33.058899 #19236]  INFO -- : 0:  excon (0.55.0) from /home/akash/Desktop/projects/fcm_messaging/vendor/specifications/excon-0.55.0.gemspec
I, [2017-05-17T17:11:33.059101 #19236]  INFO -- : 0:  fission (0.5.0) from /home/akash/Desktop/projects/fcm_messaging/vendor/specifications/fission-0.5.0.gemspec
I, [2017-05-17T17:11:33.059297 #19236]  INFO -- : 0:  formatador (0.2.5) from /home/akash/Desktop/projects/fcm_messaging/vendor/specifications/formatador-0.2.5.gemspec
I, [2017-05-17T17:11:33.059493 #19236]  INFO -- : 0:  fog-core (1.44.1) from /home/akash/Desktop/projects/fcm_messaging/vendor/specifications/fog-core-1.44.1.gemspec
I, [2017-05-17T17:11:33.059698 #19236]  INFO -- : 0:  multi_json (1.12.1) from /home/akash/Desktop/projects/fcm_messaging/vendor/specifications/multi_json-1.12.1.gemspec
I, [2017-05-17T17:11:33.059886 #19236]  INFO -- : 0:  fog-json (1.0.2) from /home/akash/Desktop/projects/fcm_messaging/vendor/specifications/fog-json-1.0.2.gemspec
I, [2017-05-17T17:11:33.060096 #19236]  INFO -- : 0:  ipaddress (0.8.3) from /home/akash/Desktop/projects/fcm_messaging/vendor/specifications/ipaddress-0.8.3.gemspec
I, [2017-05-17T17:11:33.060301 #19236]  INFO -- : 0:  xml-simple (1.1.5) from /home/akash/Desktop/projects/fcm_messaging/vendor/specifications/xml-simple-1.1.5.gemspec
I, [2017-05-17T17:11:33.060507 #19236]  INFO -- : 0:  fog-aliyun (0.1.0) from /home/akash/Desktop/projects/fcm_messaging/vendor/specifications/fog-aliyun-0.1.0.gemspec
I, [2017-05-17T17:11:33.060689 #19236]  INFO -- : 0:  fog-xml (0.1.3) from /home/akash/Desktop/projects/fcm_messaging/vendor/specifications/fog-xml-0.1.3.gemspec
I, [2017-05-17T17:11:33.060864 #19236]  INFO -- : 0:  fog-atmos (0.1.0) from /home/akash/Desktop/projects/fcm_messaging/vendor/specifications/fog-atmos-0.1.0.gemspec
I, [2017-05-17T17:11:33.061048 #19236]  INFO -- : 0:  fog-aws (1.3.0) from /home/akash/Desktop/projects/fcm_messaging/vendor/specifications/fog-aws-1.3.0.gemspec
I, [2017-05-17T17:11:33.061260 #19236]  INFO -- : 0:  inflecto (0.0.2) from /home/akash/Desktop/projects/fcm_messaging/vendor/specifications/inflecto-0.0.2.gemspec
I, [2017-05-17T17:11:33.061452 #19236]  INFO -- : 0:  fog-brightbox (0.11.0) from /home/akash/Desktop/projects/fcm_messaging/vendor/specifications/fog-brightbox-0.11.0.gemspec
I, [2017-05-17T17:11:33.061627 #19236]  INFO -- : 0:  fog-cloudatcost (0.1.2) from /home/akash/Desktop/projects/fcm_messaging/vendor/specifications/fog-cloudatcost-0.1.2.gemspec
I, [2017-05-17T17:11:33.061840 #19236]  INFO -- : 0:  fog-digitalocean (0.3.0) from /home/akash/Desktop/projects/fcm_messaging/vendor/specifications/fog-digitalocean-0.3.0.gemspec
I, [2017-05-17T17:11:33.062025 #19236]  INFO -- : 0:  fog-dnsimple (1.0.0) from /home/akash/Desktop/projects/fcm_messaging/vendor/specifications/fog-dnsimple-1.0.0.gemspec
I, [2017-05-17T17:11:33.062200 #19236]  INFO -- : 0:  fog-dynect (0.0.3) from /home/akash/Desktop/projects/fcm_messaging/vendor/specifications/fog-dynect-0.0.3.gemspec
I, [2017-05-17T17:11:33.062376 #19236]  INFO -- : 0:  fog-ecloud (0.3.0) from /home/akash/Desktop/projects/fcm_messaging/vendor/specifications/fog-ecloud-0.3.0.gemspec
I, [2017-05-17T17:11:33.062549 #19236]  INFO -- : 0:  fog-google (0.1.0) from /home/akash/Desktop/projects/fcm_messaging/vendor/specifications/fog-google-0.1.0.gemspec
I, [2017-05-17T17:11:33.062734 #19236]  INFO -- : 0:  fog-local (0.3.1) from /home/akash/Desktop/projects/fcm_messaging/vendor/specifications/fog-local-0.3.1.gemspec
I, [2017-05-17T17:11:33.062920 #19236]  INFO -- : 0:  fog-openstack (0.1.20) from /home/akash/Desktop/projects/fcm_messaging/vendor/specifications/fog-openstack-0.1.20.gemspec
I, [2017-05-17T17:11:33.063119 #19236]  INFO -- : 0:  fog-powerdns (0.1.1) from /home/akash/Desktop/projects/fcm_messaging/vendor/specifications/fog-powerdns-0.1.1.gemspec
I, [2017-05-17T17:11:33.063307 #19236]  INFO -- : 0:  fog-profitbricks (3.0.0) from /home/akash/Desktop/projects/fcm_messaging/vendor/specifications/fog-profitbricks-3.0.0.gemspec
I, [2017-05-17T17:11:33.063501 #19236]  INFO -- : 0:  fog-rackspace (0.1.5) from /home/akash/Desktop/projects/fcm_messaging/vendor/specifications/fog-rackspace-0.1.5.gemspec
I, [2017-05-17T17:11:33.063740 #19236]  INFO -- : 0:  fog-radosgw (0.0.5) from /home/akash/Desktop/projects/fcm_messaging/vendor/specifications/fog-radosgw-0.0.5.gemspec
I, [2017-05-17T17:11:33.064040 #19236]  INFO -- : 0:  fog-riakcs (0.1.0) from /home/akash/Desktop/projects/fcm_messaging/vendor/specifications/fog-riakcs-0.1.0.gemspec
I, [2017-05-17T17:11:33.064263 #19236]  INFO -- : 0:  fog-sakuracloud (1.7.5) from /home/akash/Desktop/projects/fcm_messaging/vendor/specifications/fog-sakuracloud-1.7.5.gemspec
I, [2017-05-17T17:11:33.064476 #19236]  INFO -- : 0:  fog-serverlove (0.1.2) from /home/akash/Desktop/projects/fcm_messaging/vendor/specifications/fog-serverlove-0.1.2.gemspec
I, [2017-05-17T17:11:33.064678 #19236]  INFO -- : 0:  fog-softlayer (1.1.4) from /home/akash/Desktop/projects/fcm_messaging/vendor/specifications/fog-softlayer-1.1.4.gemspec
I, [2017-05-17T17:11:33.065136 #19236]  INFO -- : 0:  fog-storm_on_demand (0.1.1) from /home/akash/Desktop/projects/fcm_messaging/vendor/specifications/fog-storm_on_demand-0.1.1.gemspec
I, [2017-05-17T17:11:33.065399 #19236]  INFO -- : 0:  fog-terremark (0.1.0) from /home/akash/Desktop/projects/fcm_messaging/vendor/specifications/fog-terremark-0.1.0.gemspec
I, [2017-05-17T17:11:33.065625 #19236]  INFO -- : 0:  fog-vmfusion (0.1.0) from /home/akash/Desktop/projects/fcm_messaging/vendor/specifications/fog-vmfusion-0.1.0.gemspec
I, [2017-05-17T17:11:33.065825 #19236]  INFO -- : 0:  fog-voxel (0.1.0) from /home/akash/Desktop/projects/fcm_messaging/vendor/specifications/fog-voxel-0.1.0.gemspec
I, [2017-05-17T17:11:33.066020 #19236]  INFO -- : 0:  trollop (2.1.2) from /home/akash/Desktop/projects/fcm_messaging/vendor/specifications/trollop-2.1.2.gemspec
I, [2017-05-17T17:11:33.066293 #19236]  INFO -- : 0:  rbvmomi (1.11.2) from /home/akash/Desktop/projects/fcm_messaging/vendor/specifications/rbvmomi-1.11.2.gemspec
I, [2017-05-17T17:11:33.066593 #19236]  INFO -- : 0:  fog-vsphere (1.9.1) from /home/akash/Desktop/projects/fcm_messaging/vendor/specifications/fog-vsphere-1.9.1.gemspec
I, [2017-05-17T17:11:33.066932 #19236]  INFO -- : 0:  fog-xenserver (0.3.0) from /home/akash/Desktop/projects/fcm_messaging/vendor/specifications/fog-xenserver-0.3.0.gemspec
I, [2017-05-17T17:11:33.067276 #19236]  INFO -- : 0:  fog (1.40.0) from /home/akash/Desktop/projects/fcm_messaging/vendor/specifications/fog-1.40.0.gemspec
I, [2017-05-17T17:11:33.068366 #19236]  INFO -- : 0:  font-awesome-rails (4.7.0.2) from /home/akash/Desktop/projects/fcm_messaging/vendor/specifications/font-awesome-rails-4.7.0.2.gemspec
I, [2017-05-17T17:11:33.069336 #19236]  INFO -- : 0:  temple (0.8.0) from /home/akash/Desktop/projects/fcm_messaging/vendor/specifications/temple-0.8.0.gemspec
I, [2017-05-17T17:11:33.069701 #19236]  INFO -- : 0:  tilt (1.4.1) from /home/akash/Desktop/projects/fcm_messaging/vendor/specifications/tilt-1.4.1.gemspec
I, [2017-05-17T17:11:33.069922 #19236]  INFO -- : 0:  haml (5.0.1) from /home/akash/Desktop/projects/fcm_messaging/vendor/specifications/haml-5.0.1.gemspec
I, [2017-05-17T17:11:33.070135 #19236]  INFO -- : 0:  sexp_processor (4.9.0) from /home/akash/Desktop/projects/fcm_messaging/vendor/specifications/sexp_processor-4.9.0.gemspec
I, [2017-05-17T17:11:33.070354 #19236]  INFO -- : 0:  ruby_parser (3.9.0) from /home/akash/Desktop/projects/fcm_messaging/vendor/specifications/ruby_parser-3.9.0.gemspec
I, [2017-05-17T17:11:33.070561 #19236]  INFO -- : 0:  html2haml (2.2.0) from /home/akash/Desktop/projects/fcm_messaging/vendor/specifications/html2haml-2.2.0.gemspec
I, [2017-05-17T17:11:33.070760 #19236]  INFO -- : 0:  haml-rails (1.0.0) from /home/akash/Desktop/projects/fcm_messaging/vendor/specifications/haml-rails-1.0.0.gemspec
I, [2017-05-17T17:11:33.070950 #19236]  INFO -- : 0:  hike (1.2.3) from /home/akash/Desktop/projects/fcm_messaging/vendor/specifications/hike-1.2.3.gemspec
I, [2017-05-17T17:11:33.071151 #19236]  INFO -- : 0:  jbuilder (2.6.3) from /home/akash/Desktop/projects/fcm_messaging/vendor/specifications/jbuilder-2.6.3.gemspec
I, [2017-05-17T17:11:33.071358 #19236]  INFO -- : 0:  jquery-rails (3.1.4) from /home/akash/Desktop/projects/fcm_messaging/vendor/specifications/jquery-rails-3.1.4.gemspec
I, [2017-05-17T17:11:33.071558 #19236]  INFO -- : 0:  jquery-ui-rails (5.0.5) from /home/akash/Desktop/projects/fcm_messaging/vendor/specifications/jquery-ui-rails-5.0.5.gemspec
I, [2017-05-17T17:11:33.071754 #19236]  INFO -- : 0:  kaminari-core (1.0.1) from /home/akash/Desktop/projects/fcm_messaging/vendor/specifications/kaminari-core-1.0.1.gemspec
I, [2017-05-17T17:11:33.071952 #19236]  INFO -- : 0:  kaminari-actionview (1.0.1) from /home/akash/Desktop/projects/fcm_messaging/vendor/specifications/kaminari-actionview-1.0.1.gemspec
I, [2017-05-17T17:11:33.072168 #19236]  INFO -- : 0:  kaminari-activerecord (1.0.1) from /home/akash/Desktop/projects/fcm_messaging/vendor/specifications/kaminari-activerecord-1.0.1.gemspec
I, [2017-05-17T17:11:33.072385 #19236]  INFO -- : 0:  kaminari (1.0.1) from /home/akash/Desktop/projects/fcm_messaging/vendor/specifications/kaminari-1.0.1.gemspec
I, [2017-05-17T17:11:33.072603 #19236]  INFO -- : 0:  mini_magick (4.7.0) from /home/akash/Desktop/projects/fcm_messaging/vendor/specifications/mini_magick-4.7.0.gemspec
I, [2017-05-17T17:11:33.072824 #19236]  INFO -- : 0:  nested_form (0.3.2) from /home/akash/Desktop/projects/fcm_messaging/vendor/specifications/nested_form-0.3.2.gemspec
I, [2017-05-17T17:11:33.073030 #19236]  INFO -- : 0:  rack-pjax (1.0.0) from /home/akash/Desktop/projects/fcm_messaging/vendor/specifications/rack-pjax-1.0.0.gemspec
I, [2017-05-17T17:11:33.073251 #19236]  INFO -- : 0:  sprockets (2.12.4) from /home/akash/Desktop/projects/fcm_messaging/vendor/specifications/sprockets-2.12.4.gemspec
I, [2017-05-17T17:11:33.073458 #19236]  INFO -- : 0:  sprockets-rails (2.3.3) from /home/akash/Desktop/projects/fcm_messaging/vendor/specifications/sprockets-rails-2.3.3.gemspec
I, [2017-05-17T17:11:33.073678 #19236]  INFO -- : 0:  rails (4.1.11) from /home/akash/Desktop/projects/fcm_messaging/vendor/specifications/rails-4.1.11.gemspec
I, [2017-05-17T17:11:33.092053 #19236]  INFO -- : 0:  remotipart (1.3.1) from /home/akash/Desktop/projects/fcm_messaging/vendor/bundler/gems/remotipart-cd653ddc43bb/remotipart.gemspec
I, [2017-05-17T17:11:33.092353 #19236]  INFO -- : 0:  sass (3.2.19) from /home/akash/Desktop/projects/fcm_messaging/vendor/specifications/sass-3.2.19.gemspec
I, [2017-05-17T17:11:33.092554 #19236]  INFO -- : 0:  sass-rails (4.0.5) from /home/akash/Desktop/projects/fcm_messaging/vendor/specifications/sass-rails-4.0.5.gemspec
I, [2017-05-17T17:11:33.327155 #19236]  INFO -- : 0:  rails_admin (1.1.1) from /home/akash/Desktop/projects/fcm_messaging/vendor/bundler/gems/rails_admin-2ec766e80487/rails_admin.gemspec
I, [2017-05-17T17:11:33.327499 #19236]  INFO -- : 0:  rails_admin_rollincode (1.2.1) from /home/akash/Desktop/projects/fcm_messaging/vendor/specifications/rails_admin_rollincode-1.2.1.gemspec
I, [2017-05-17T17:11:33.327781 #19236]  INFO -- : 0:  rdoc (4.3.0) from /home/akash/Desktop/projects/fcm_messaging/vendor/specifications/rdoc-4.3.0.gemspec
I, [2017-05-17T17:11:33.328048 #19236]  INFO -- : 0:  rspec-support (3.6.0) from /home/akash/Desktop/projects/fcm_messaging/vendor/specifications/rspec-support-3.6.0.gemspec
I, [2017-05-17T17:11:33.328300 #19236]  INFO -- : 0:  rspec-core (3.6.0) from /home/akash/Desktop/projects/fcm_messaging/vendor/specifications/rspec-core-3.6.0.gemspec
I, [2017-05-17T17:11:33.328571 #19236]  INFO -- : 0:  rspec-expectations (3.6.0) from /home/akash/Desktop/projects/fcm_messaging/vendor/specifications/rspec-expectations-3.6.0.gemspec
I, [2017-05-17T17:11:33.328823 #19236]  INFO -- : 0:  rspec-mocks (3.6.0) from /home/akash/Desktop/projects/fcm_messaging/vendor/specifications/rspec-mocks-3.6.0.gemspec
I, [2017-05-17T17:11:33.329083 #19236]  INFO -- : 0:  rspec-rails (3.6.0) from /home/akash/Desktop/projects/fcm_messaging/vendor/specifications/rspec-rails-3.6.0.gemspec
I, [2017-05-17T17:11:33.329349 #19236]  INFO -- : 0:  sdoc (0.4.2) from /home/akash/Desktop/projects/fcm_messaging/vendor/specifications/sdoc-0.4.2.gemspec
I, [2017-05-17T17:11:33.329612 #19236]  INFO -- : 0:  spring (1.7.2) from /home/akash/Desktop/projects/fcm_messaging/vendor/specifications/spring-1.7.2.gemspec
I, [2017-05-17T17:11:33.329856 #19236]  INFO -- : 0:  sqlite3 (1.3.13) from /home/akash/Desktop/projects/fcm_messaging/vendor/specifications/sqlite3-1.3.13.gemspec
I, [2017-05-17T17:11:33.330106 #19236]  INFO -- : 0:  turbolinks-source (5.0.3) from /home/akash/Desktop/projects/fcm_messaging/vendor/specifications/turbolinks-source-5.0.3.gemspec
I, [2017-05-17T17:11:33.330355 #19236]  INFO -- : 0:  turbolinks (5.0.1) from /home/akash/Desktop/projects/fcm_messaging/vendor/specifications/turbolinks-5.0.1.gemspec
I, [2017-05-17T17:11:33.330604 #19236]  INFO -- : 0:  uglifier (3.2.0) from /home/akash/Desktop/projects/fcm_messaging/vendor/specifications/uglifier-3.2.0.gemspec
